TN:
SF:src\db.js
FN:17,_resolveSSL
FN:57,_ensureMetrics
FN:68,query
FN:95,queryWithTransaction
FN:119,_acquireInstanceLock
FN:132,acquireInstanceLockWithRetry
FN:145,releaseInstanceLock
FN:163,warmPool
FNF:8
FNH:1
FNDA:1,_resolveSSL
FNDA:0,_ensureMetrics
FNDA:0,query
FNDA:0,queryWithTransaction
FNDA:0,_acquireInstanceLock
FNDA:0,acquireInstanceLockWithRetry
FNDA:0,releaseInstanceLock
FNDA:0,warmPool
DA:1,1
DA:2,1
DA:3,1
DA:4,1
DA:5,1
DA:6,1
DA:7,1
DA:8,1
DA:9,1
DA:10,1
DA:11,1
DA:12,1
DA:13,1
DA:14,1
DA:15,1
DA:16,1
DA:17,1
DA:18,1
DA:19,1
DA:20,1
DA:21,1
DA:22,1
DA:23,1
DA:24,0
DA:25,1
DA:26,0
DA:27,0
DA:28,0
DA:29,1
DA:30,1
DA:31,1
DA:32,1
DA:33,1
DA:34,1
DA:35,1
DA:36,0
DA:37,0
DA:38,0
DA:39,0
DA:40,0
DA:41,0
DA:42,1
DA:43,1
DA:44,1
DA:45,0
DA:46,0
DA:47,0
DA:48,0
DA:49,1
DA:50,1
DA:51,1
DA:52,1
DA:53,1
DA:54,1
DA:55,1
DA:56,1
DA:57,0
DA:58,0
DA:59,0
DA:60,0
DA:61,0
DA:62,0
DA:63,0
DA:64,0
DA:65,0
DA:66,0
DA:67,1
DA:68,0
DA:69,0
DA:70,0
DA:71,0
DA:72,0
DA:73,0
DA:74,0
DA:75,0
DA:76,0
DA:77,0
DA:78,0
DA:79,0
DA:80,0
DA:81,0
DA:82,0
DA:83,0
DA:84,0
DA:85,0
DA:86,0
DA:87,0
DA:88,0
DA:89,0
DA:90,0
DA:91,0
DA:92,0
DA:93,0
DA:94,1
DA:95,0
DA:96,0
DA:97,0
DA:98,0
DA:99,0
DA:100,0
DA:101,0
DA:102,0
DA:103,0
DA:104,0
DA:105,0
DA:106,0
DA:107,0
DA:108,0
DA:109,1
DA:110,1
DA:111,1
DA:112,1
DA:113,1
DA:114,1
DA:115,1
DA:116,1
DA:117,1
DA:118,1
DA:119,0
DA:120,0
DA:121,0
DA:122,0
DA:123,0
DA:124,0
DA:125,0
DA:126,0
DA:127,0
DA:128,0
DA:129,0
DA:130,0
DA:131,1
DA:132,0
DA:133,0
DA:134,0
DA:135,0
DA:136,0
DA:137,0
DA:138,0
DA:139,0
DA:140,0
DA:141,0
DA:142,0
DA:143,0
DA:144,1
DA:145,0
DA:146,0
DA:147,0
DA:148,0
DA:149,0
DA:150,0
DA:151,0
DA:152,0
DA:153,0
DA:154,0
DA:155,0
DA:156,0
DA:157,0
DA:158,0
DA:159,0
DA:160,1
DA:161,1
DA:162,1
DA:163,0
DA:164,0
DA:165,0
DA:166,0
DA:167,0
DA:168,0
DA:169,0
DA:170,0
DA:171,0
DA:172,0
DA:173,0
DA:174,0
DA:175,0
DA:176,0
DA:177,0
DA:178,1
DA:179,1
LF:179
LH:61
BRDA:1,0,0,1
BRDA:35,1,0,0
BRDA:44,2,0,0
BRDA:17,3,0,1
BRDA:19,4,0,0
BRDA:20,5,0,0
BRDA:21,6,0,0
BRDA:24,7,0,0
BRDA:25,8,0,0
BRF:9
BRH:2
end_of_record
TN:
SF:src\dbMigrate.js
FN:22,loadMigrations
FN:40,runMigrations
FNF:2
FNH:1
FNDA:1,loadMigrations
FNDA:0,runMigrations
DA:1,1
DA:2,1
DA:3,1
DA:4,1
DA:5,1
DA:6,1
DA:7,1
DA:8,1
DA:9,1
DA:10,1
DA:11,1
DA:12,1
DA:13,1
DA:14,1
DA:15,1
DA:16,1
DA:17,1
DA:18,1
DA:19,1
DA:20,1
DA:21,1
DA:22,1
DA:23,1
DA:24,1
DA:25,1
DA:26,1
DA:27,1
DA:28,1
DA:29,26
DA:30,26
DA:31,26
DA:32,26
DA:33,26
DA:34,26
DA:35,26
DA:36,26
DA:37,1
DA:38,1
DA:39,1
DA:40,0
DA:41,0
DA:42,0
DA:43,0
DA:44,0
DA:45,0
DA:46,0
DA:47,0
DA:48,0
DA:49,0
DA:50,0
DA:51,0
DA:52,0
DA:53,0
DA:54,0
DA:55,0
DA:56,0
DA:57,0
DA:58,0
DA:59,0
DA:60,0
DA:61,0
DA:62,0
DA:63,0
DA:64,0
DA:65,0
DA:66,0
DA:67,0
DA:68,0
DA:69,0
DA:70,0
DA:71,0
DA:72,0
DA:73,0
DA:74,0
DA:75,0
DA:76,0
DA:77,0
DA:78,0
DA:79,0
DA:80,0
DA:81,0
DA:82,1
DA:83,1
LF:83
LH:41
BRDA:1,0,0,1
BRDA:22,1,0,1
BRDA:23,2,0,0
BRDA:25,3,0,26
BRDA:28,4,0,26
BRDA:30,5,0,0
BRF:6
BRH:4
end_of_record
TN:
SF:src\discordQueue.js
FN:19,ThrottledQueue
FN:27,enqueue
FN:40,_drain
FN:57,get size
FN:62,get running
FN:85,queueMemberOp
FN:93,queueRoleOp
FN:101,queueChannelOp
FNF:8
FNH:1
FNDA:3,ThrottledQueue
FNDA:0,enqueue
FNDA:0,_drain
FNDA:0,get size
FNDA:0,get running
FNDA:0,queueMemberOp
FNDA:0,queueRoleOp
FNDA:0,queueChannelOp
DA:1,1
DA:2,1
DA:3,1
DA:4,1
DA:5,1
DA:6,1
DA:7,1
DA:8,1
DA:9,1
DA:10,1
DA:11,1
DA:12,1
DA:13,1
DA:14,1
DA:15,1
DA:16,1
DA:17,1
DA:18,1
DA:19,1
DA:20,3
DA:21,3
DA:22,3
DA:23,3
DA:24,3
DA:25,3
DA:26,1
DA:27,1
DA:28,0
DA:29,0
DA:30,0
DA:31,0
DA:32,0
DA:33,0
DA:34,0
DA:35,0
DA:36,0
DA:37,0
DA:38,0
DA:39,1
DA:40,1
DA:41,0
DA:42,0
DA:43,0
DA:44,0
DA:45,0
DA:46,0
DA:47,0
DA:48,0
DA:49,0
DA:50,0
DA:51,0
DA:52,0
DA:53,0
DA:54,0
DA:55,1
DA:56,1
DA:57,1
DA:58,0
DA:59,0
DA:60,1
DA:61,1
DA:62,1
DA:63,0
DA:64,0
DA:65,1
DA:66,1
DA:67,1
DA:68,1
DA:69,1
DA:70,1
DA:71,1
DA:72,1
DA:73,1
DA:74,1
DA:75,1
DA:76,1
DA:77,1
DA:78,1
DA:79,1
DA:80,1
DA:81,1
DA:82,1
DA:83,1
DA:84,1
DA:85,0
DA:86,0
DA:87,0
DA:88,1
DA:89,1
DA:90,1
DA:91,1
DA:92,1
DA:93,0
DA:94,0
DA:95,0
DA:96,1
DA:97,1
DA:98,1
DA:99,1
DA:100,1
DA:101,0
DA:102,0
DA:103,0
DA:104,1
DA:105,1
DA:106,1
DA:107,1
DA:108,1
DA:109,1
DA:110,1
DA:111,1
DA:112,1
DA:113,1
LF:113
LH:75
BRDA:1,0,0,1
BRDA:19,1,0,3
BRF:2
BRH:2
end_of_record
TN:
SF:src\util.js
FN:3,unique
FN:7,mentionUser
FN:11,formatRoleList
FN:16,formatPersonName
FN:35,chunkStringByLimit
FN:51,nowPT
FN:66,truncate
FN:71,weekBounds
FNF:8
FNH:5
FNDA:1,unique
FNDA:0,mentionUser
FNDA:0,formatRoleList
FNDA:4,formatPersonName
FNDA:2,chunkStringByLimit
FNDA:0,nowPT
FNDA:5,truncate
FNDA:2,weekBounds
DA:1,2
DA:2,2
DA:3,1
DA:4,1
DA:5,1
DA:6,2
DA:7,0
DA:8,0
DA:9,0
DA:10,2
DA:11,0
DA:12,0
DA:13,0
DA:14,0
DA:15,2
DA:16,4
DA:17,4
DA:18,4
DA:19,4
DA:20,4
DA:21,4
DA:22,4
DA:23,4
DA:24,4
DA:25,4
DA:26,4
DA:27,3
DA:28,3
DA:29,3
DA:30,3
DA:31,4
DA:32,4
DA:33,4
DA:34,2
DA:35,2
DA:36,2
DA:37,2
DA:38,2
DA:39,4
DA:40,4
DA:41,1
DA:42,1
DA:43,4
DA:44,3
DA:45,3
DA:46,4
DA:47,2
DA:48,2
DA:49,2
DA:50,2
DA:51,0
DA:52,0
DA:53,0
DA:54,0
DA:55,0
DA:56,0
DA:57,0
DA:58,0
DA:59,0
DA:60,0
DA:61,0
DA:62,0
DA:63,0
DA:64,0
DA:65,2
DA:66,5
DA:67,5
DA:68,1
DA:69,5
DA:70,2
DA:71,2
DA:72,2
DA:73,2
DA:74,2
DA:75,2
DA:76,2
DA:77,2
DA:78,2
DA:79,2
DA:80,2
DA:81,2
DA:82,2
DA:83,2
DA:84,2
DA:85,2
DA:86,2
DA:87,2
DA:88,2
DA:89,2
DA:90,2
DA:91,2
DA:92,2
LF:92
LH:71
BRDA:1,0,0,2
BRDA:3,1,0,1
BRDA:16,2,0,4
BRDA:17,3,0,2
BRDA:26,4,0,3
BRDA:29,5,0,4
BRDA:29,6,0,0
BRDA:35,7,0,2
BRDA:38,8,0,4
BRDA:39,9,0,3
BRDA:39,10,0,1
BRDA:40,11,0,1
BRDA:43,12,0,3
BRDA:47,13,0,1
BRDA:48,14,0,1
BRDA:48,15,0,1
BRDA:66,16,0,5
BRDA:67,17,0,2
BRDA:67,18,0,4
BRDA:67,19,0,3
BRDA:68,20,0,1
BRDA:71,21,0,2
BRDA:74,22,0,1
BRDA:74,23,0,1
BRF:24
BRH:23
end_of_record
TN:
SF:src\audit\auditEngine.js
FN:6,logAudit
FN:36,sendAuditToChannel
FN:53,getRecentLogs
FNF:3
FNH:0
FNDA:0,logAudit
FNDA:0,sendAuditToChannel
FNDA:0,getRecentLogs
DA:1,1
DA:2,1
DA:3,1
DA:4,1
DA:5,1
DA:6,0
DA:7,0
DA:8,0
DA:9,0
DA:10,0
DA:11,0
DA:12,0
DA:13,0
DA:14,0
DA:15,0
DA:16,0
DA:17,0
DA:18,0
DA:19,0
DA:20,0
DA:21,0
DA:22,0
DA:23,0
DA:24,0
DA:25,0
DA:26,0
DA:27,0
DA:28,0
DA:29,0
DA:30,0
DA:31,0
DA:32,0
DA:33,0
DA:34,0
DA:35,1
DA:36,0
DA:37,0
DA:38,0
DA:39,0
DA:40,0
DA:41,0
DA:42,0
DA:43,0
DA:44,0
DA:45,0
DA:46,0
DA:47,0
DA:48,0
DA:49,0
DA:50,0
DA:51,0
DA:52,1
DA:53,0
DA:54,0
DA:55,0
DA:56,0
DA:57,0
DA:58,0
DA:59,0
DA:60,0
DA:61,0
DA:62,0
DA:63,0
DA:64,0
DA:65,1
DA:66,1
LF:66
LH:9
BRDA:1,0,0,1
BRF:1
BRH:1
end_of_record
TN:
SF:src\availability\availabilityEngine.js
FN:24,todayDateString
FN:32,_stackedBar
FN:41,buildEmbed
FN:76,buildComponents
FN:135,buildContent
FN:144,publishSession
FN:174,createSession
FN:221,updateSessionMessage
FN:252,closeSession
FN:267,recordVote
FN:279,recordBulkVote
FN:290,getSummaryText
FNF:12
FNH:4
FNDA:1,todayDateString
FNDA:2,_stackedBar
FNDA:1,buildEmbed
FNDA:2,buildComponents
FNDA:0,buildContent
FNDA:0,publishSession
FNDA:0,createSession
FNDA:0,updateSessionMessage
FNDA:0,closeSession
FNDA:0,recordVote
FNDA:0,recordBulkVote
FNDA:0,getSummaryText
DA:1,1
DA:2,1
DA:3,1
DA:4,1
DA:5,1
DA:6,1
DA:7,1
DA:8,1
DA:9,1
DA:10,1
DA:11,1
DA:12,1
DA:13,1
DA:14,1
DA:15,1
DA:16,1
DA:17,1
DA:18,1
DA:19,1
DA:20,1
DA:21,1
DA:22,1
DA:23,1
DA:24,1
DA:25,1
DA:26,1
DA:27,1
DA:28,1
DA:29,1
DA:30,1
DA:31,1
DA:32,2
DA:33,2
DA:34,2
DA:35,2
DA:36,2
DA:37,2
DA:38,2
DA:39,2
DA:40,1
DA:41,1
DA:42,1
DA:43,1
DA:44,1
DA:45,1
DA:46,1
DA:47,1
DA:48,1
DA:49,1
DA:50,1
DA:51,1
DA:52,1
DA:53,1
DA:54,1
DA:55,1
DA:56,1
DA:57,2
DA:58,2
DA:59,6
DA:60,6
DA:61,2
DA:62,2
DA:63,2
DA:64,2
DA:65,2
DA:66,2
DA:67,2
DA:68,1
DA:69,1
DA:70,1
DA:71,1
DA:72,1
DA:73,1
DA:74,1
DA:75,1
DA:76,2
DA:77,2
DA:78,1
DA:79,1
DA:80,1
DA:81,1
DA:82,1
DA:83,1
DA:84,1
DA:85,1
DA:86,1
DA:87,1
DA:88,2
DA:89,8
DA:90,8
DA:91,24
DA:92,24
DA:93,24
DA:94,24
DA:95,24
DA:96,24
DA:97,24
DA:98,24
DA:99,8
DA:100,1
DA:101,1
DA:102,1
DA:103,1
DA:104,1
DA:105,1
DA:106,1
DA:107,1
DA:108,1
DA:109,1
DA:110,1
DA:111,1
DA:112,1
DA:113,1
DA:114,1
DA:115,1
DA:116,1
DA:117,1
DA:118,1
DA:119,1
DA:120,1
DA:121,1
DA:122,1
DA:123,1
DA:124,1
DA:125,1
DA:126,1
DA:127,1
DA:128,1
DA:129,1
DA:130,1
DA:131,1
DA:132,1
DA:133,2
DA:134,1
DA:135,0
DA:136,0
DA:137,0
DA:138,0
DA:139,0
DA:140,0
DA:141,0
DA:142,0
DA:143,1
DA:144,0
DA:145,0
DA:146,0
DA:147,0
DA:148,0
DA:149,0
DA:150,0
DA:151,0
DA:152,0
DA:153,0
DA:154,0
DA:155,0
DA:156,0
DA:157,0
DA:158,0
DA:159,0
DA:160,0
DA:161,0
DA:162,0
DA:163,0
DA:164,0
DA:165,0
DA:166,0
DA:167,0
DA:168,0
DA:169,0
DA:170,0
DA:171,0
DA:172,0
DA:173,1
DA:174,0
DA:175,0
DA:176,0
DA:177,0
DA:178,0
DA:179,0
DA:180,0
DA:181,0
DA:182,0
DA:183,0
DA:184,0
DA:185,0
DA:186,0
DA:187,0
DA:188,0
DA:189,0
DA:190,0
DA:191,0
DA:192,0
DA:193,0
DA:194,0
DA:195,0
DA:196,0
DA:197,0
DA:198,0
DA:199,0
DA:200,0
DA:201,0
DA:202,0
DA:203,0
DA:204,0
DA:205,0
DA:206,0
DA:207,0
DA:208,0
DA:209,0
DA:210,0
DA:211,0
DA:212,0
DA:213,0
DA:214,0
DA:215,0
DA:216,0
DA:217,0
DA:218,0
DA:219,0
DA:220,1
DA:221,0
DA:222,0
DA:223,0
DA:224,0
DA:225,0
DA:226,0
DA:227,0
DA:228,0
DA:229,0
DA:230,0
DA:231,0
DA:232,0
DA:233,0
DA:234,0
DA:235,0
DA:236,0
DA:237,0
DA:238,0
DA:239,0
DA:240,0
DA:241,0
DA:242,0
DA:243,0
DA:244,0
DA:245,0
DA:246,0
DA:247,0
DA:248,0
DA:249,0
DA:250,0
DA:251,1
DA:252,0
DA:253,0
DA:254,0
DA:255,0
DA:256,0
DA:257,0
DA:258,0
DA:259,0
DA:260,0
DA:261,0
DA:262,0
DA:263,0
DA:264,0
DA:265,0
DA:266,1
DA:267,0
DA:268,0
DA:269,0
DA:270,0
DA:271,0
DA:272,0
DA:273,0
DA:274,0
DA:275,0
DA:276,0
DA:277,0
DA:278,1
DA:279,0
DA:280,0
DA:281,0
DA:282,0
DA:283,0
DA:284,0
DA:285,0
DA:286,0
DA:287,0
DA:288,0
DA:289,1
DA:290,0
DA:291,0
DA:292,0
DA:293,0
DA:294,0
DA:295,0
DA:296,0
DA:297,0
DA:298,0
DA:299,0
DA:300,0
DA:301,0
DA:302,0
DA:303,0
DA:304,0
DA:305,0
DA:306,0
DA:307,0
DA:308,0
DA:309,0
DA:310,0
DA:311,0
DA:312,0
DA:313,0
DA:314,0
DA:315,0
DA:316,0
DA:317,0
DA:318,0
DA:319,0
DA:320,0
DA:321,0
DA:322,0
DA:323,0
DA:324,0
DA:325,0
DA:326,0
DA:327,1
DA:328,1
DA:329,1
DA:330,1
DA:331,1
DA:332,1
DA:333,1
DA:334,1
DA:335,1
DA:336,1
DA:337,1
DA:338,1
DA:339,1
LF:339
LH:154
BRDA:1,0,0,1
BRDA:24,1,0,1
BRDA:32,2,0,2
BRDA:34,3,0,0
BRDA:35,4,0,1
BRDA:36,5,0,1
BRDA:33,6,0,3
BRDA:33,7,0,0
BRDA:41,8,0,1
BRDA:47,9,0,0
BRDA:50,10,0,0
BRDA:56,11,0,2
BRDA:69,12,0,0
BRDA:58,13,0,6
BRDA:60,14,0,3
BRDA:76,15,0,2
BRDA:77,16,0,1
BRDA:88,17,0,8
BRDA:90,18,0,24
BRDA:100,19,0,1
BRF:20
BRH:15
end_of_record
TN:
SF:src\availability\availabilityTemplates.js
FN:33,pickHeader
FN:37,stateMeta
FNF:2
FNH:2
FNDA:30,pickHeader
FNDA:1,stateMeta
DA:1,1
DA:2,1
DA:3,1
DA:4,1
DA:5,1
DA:6,1
DA:7,1
DA:8,1
DA:9,1
DA:10,1
DA:11,1
DA:12,1
DA:13,1
DA:14,1
DA:15,1
DA:16,1
DA:17,1
DA:18,1
DA:19,1
DA:20,1
DA:21,1
DA:22,1
DA:23,1
DA:24,1
DA:25,1
DA:26,1
DA:27,1
DA:28,1
DA:29,1
DA:30,1
DA:31,1
DA:32,1
DA:33,30
DA:34,30
DA:35,30
DA:36,1
DA:37,1
DA:38,1
DA:39,1
DA:40,1
DA:41,1
DA:42,1
DA:43,1
DA:44,1
DA:45,1
DA:46,1
DA:47,1
LF:47
LH:47
BRDA:1,0,0,1
BRDA:33,1,0,30
BRDA:37,2,0,1
BRF:3
BRH:3
end_of_record
TN:
SF:src\config\_helpers.js
FN:16,guildId
FN:20,req
FN:26,optId
FN:30,optBool
FN:36,optNum
FN:43,optList
FNF:6
FNH:6
FNDA:171,guildId
FNDA:18,req
FNDA:108,optId
FNDA:126,optBool
FNDA:108,optNum
FNDA:18,optList
DA:1,9
DA:2,9
DA:3,9
DA:4,9
DA:5,9
DA:6,9
DA:7,9
DA:8,9
DA:9,9
DA:10,9
DA:11,9
DA:12,9
DA:13,0
DA:14,0
DA:15,9
DA:16,171
DA:17,171
DA:18,171
DA:19,9
DA:20,18
DA:21,18
DA:22,18
DA:23,18
DA:24,18
DA:25,9
DA:26,108
DA:27,108
DA:28,108
DA:29,9
DA:30,126
DA:31,126
DA:32,126
DA:33,0
DA:34,126
DA:35,9
DA:36,108
DA:37,108
DA:38,108
DA:39,0
DA:40,108
DA:41,108
DA:42,9
DA:43,18
DA:44,18
DA:45,18
DA:46,18
DA:47,18
DA:48,18
DA:49,9
DA:50,9
LF:50
LH:46
BRDA:1,0,0,9
BRDA:5,1,0,0
BRDA:12,2,0,0
BRDA:16,3,0,171
BRDA:17,4,0,0
BRDA:20,5,0,18
BRDA:22,6,0,0
BRDA:26,7,0,108
BRDA:30,8,0,126
BRDA:33,9,0,0
BRDA:36,10,0,108
BRDA:38,11,0,0
BRDA:39,12,0,0
BRDA:40,13,0,0
BRDA:43,14,0,18
BRDA:46,15,0,81
BRF:16
BRH:8
end_of_record
TN:
SF:src\config\availability.js
FNF:0
FNH:0
DA:1,9
DA:2,9
DA:3,9
DA:4,9
DA:5,9
DA:6,9
DA:7,9
DA:8,9
DA:9,9
DA:10,9
DA:11,9
DA:12,9
DA:13,9
DA:14,9
DA:15,9
DA:16,9
DA:17,9
DA:18,9
DA:19,9
LF:19
LH:19
BRDA:1,0,0,9
BRF:1
BRH:1
end_of_record
TN:
SF:src\config\behaviour.js
FNF:0
FNH:0
DA:1,9
DA:2,9
DA:3,9
DA:4,9
DA:5,9
DA:6,9
DA:7,9
DA:8,9
DA:9,9
DA:10,9
DA:11,9
DA:12,9
DA:13,9
DA:14,9
DA:15,9
DA:16,9
DA:17,9
LF:17
LH:17
BRDA:1,0,0,9
BRF:1
BRH:1
end_of_record
TN:
SF:src\config\branding.js
FNF:0
FNH:0
DA:1,9
DA:2,9
DA:3,9
DA:4,9
DA:5,9
DA:6,9
DA:7,9
DA:8,9
DA:9,9
DA:10,9
LF:10
LH:10
BRDA:1,0,0,9
BRF:1
BRH:1
end_of_record
TN:
SF:src\config\channels.js
FNF:0
FNH:0
DA:1,9
DA:2,9
DA:3,9
DA:4,9
DA:5,9
DA:6,9
DA:7,9
DA:8,9
DA:9,9
DA:10,9
DA:11,9
DA:12,9
DA:13,9
DA:14,9
DA:15,9
DA:16,9
DA:17,9
DA:18,9
DA:19,9
DA:20,9
DA:21,9
DA:22,9
DA:23,9
DA:24,9
DA:25,9
DA:26,9
LF:26
LH:26
BRDA:1,0,0,9
BRF:1
BRH:1
end_of_record
TN:
SF:src\config\discord.js
FNF:0
FNH:0
DA:1,9
DA:2,9
DA:3,9
DA:4,9
DA:5,9
DA:6,9
DA:7,9
DA:8,9
LF:8
LH:8
BRDA:1,0,0,9
BRDA:7,1,0,5
BRF:2
BRH:2
end_of_record
TN:
SF:src\config\index.js
FN:53,get
FN:59,get
FN:65,get
FN:72,get
FN:79,get
FN:85,get
FNF:6
FNH:4
FNDA:19,get
FNDA:11,get
FNDA:0,get
FNDA:0,get
FNDA:7,get
FNDA:16,get
DA:1,9
DA:2,9
DA:3,9
DA:4,9
DA:5,9
DA:6,9
DA:7,9
DA:8,9
DA:9,9
DA:10,9
DA:11,9
DA:12,9
DA:13,9
DA:14,9
DA:15,9
DA:16,9
DA:17,9
DA:18,9
DA:19,9
DA:20,9
DA:21,9
DA:22,9
DA:23,9
DA:24,9
DA:25,9
DA:26,9
DA:27,9
DA:28,9
DA:29,9
DA:30,9
DA:31,9
DA:32,9
DA:33,9
DA:34,9
DA:35,9
DA:36,9
DA:37,9
DA:38,9
DA:39,9
DA:40,9
DA:41,9
DA:42,9
DA:43,9
DA:44,9
DA:45,9
DA:46,9
DA:47,9
DA:48,9
DA:49,9
DA:50,9
DA:51,9
DA:52,9
DA:53,9
DA:54,19
DA:55,9
DA:56,9
DA:57,9
DA:58,9
DA:59,9
DA:60,11
DA:61,9
DA:62,9
DA:63,9
DA:64,9
DA:65,9
DA:66,0
DA:67,0
DA:68,9
DA:69,9
DA:70,9
DA:71,9
DA:72,9
DA:73,0
DA:74,0
DA:75,9
DA:76,9
DA:77,9
DA:78,9
DA:79,9
DA:80,7
DA:81,9
DA:82,9
DA:83,9
DA:84,9
DA:85,9
DA:86,16
DA:87,9
DA:88,9
DA:89,9
DA:90,9
DA:91,9
LF:91
LH:87
BRDA:1,0,0,9
BRDA:53,1,0,19
BRDA:59,2,0,11
BRDA:79,3,0,7
BRDA:85,4,0,16
BRF:5
BRH:5
end_of_record
TN:
SF:src\config\jobs.js
FNF:0
FNH:0
DA:1,9
DA:2,9
DA:3,9
DA:4,9
DA:5,9
DA:6,9
DA:7,9
DA:8,9
DA:9,9
DA:10,9
DA:11,9
DA:12,9
DA:13,9
LF:13
LH:13
BRDA:1,0,0,9
BRF:1
BRH:1
end_of_record
TN:
SF:src\config\logging.js
FNF:0
FNH:0
DA:1,9
DA:2,9
DA:3,9
DA:4,9
DA:5,9
DA:6,9
DA:7,9
DA:8,9
LF:8
LH:8
BRDA:1,0,0,9
BRF:1
BRH:1
end_of_record
TN:
SF:src\config\panels.js
FNF:0
FNH:0
DA:1,9
DA:2,9
DA:3,9
DA:4,9
DA:5,9
DA:6,9
DA:7,9
DA:8,9
DA:9,9
DA:10,9
LF:10
LH:10
BRDA:1,0,0,9
BRF:1
BRH:1
end_of_record
TN:
SF:src\config\promotion.js
FNF:0
FNH:0
DA:1,9
DA:2,9
DA:3,9
DA:4,9
DA:5,9
DA:6,9
DA:7,9
DA:8,9
DA:9,9
DA:10,9
DA:11,9
LF:11
LH:11
BRDA:1,0,0,9
BRF:1
BRH:1
end_of_record
TN:
SF:src\config\radio.js
FNF:0
FNH:0
DA:1,9
DA:2,9
DA:3,9
DA:4,9
DA:5,9
DA:6,9
DA:7,9
DA:8,9
DA:9,9
DA:10,9
DA:11,9
LF:11
LH:11
BRDA:1,0,0,9
BRF:1
BRH:1
end_of_record
TN:
SF:src\config\roles.js
FNF:0
FNH:0
DA:1,9
DA:2,9
DA:3,9
DA:4,9
DA:5,9
DA:6,9
DA:7,9
DA:8,9
DA:9,9
DA:10,9
DA:11,9
DA:12,9
DA:13,9
DA:14,9
DA:15,9
DA:16,9
DA:17,9
DA:18,9
DA:19,9
DA:20,9
DA:21,9
DA:22,9
DA:23,9
DA:24,9
DA:25,9
DA:26,9
DA:27,9
DA:28,9
DA:29,9
DA:30,9
LF:30
LH:30
BRDA:1,0,0,9
BRF:1
BRH:1
end_of_record
TN:
SF:src\config\sheets.js
FN:11,isSheetsEnabled
FNF:1
FNH:0
FNDA:0,isSheetsEnabled
DA:1,9
DA:2,9
DA:3,9
DA:4,9
DA:5,9
DA:6,9
DA:7,9
DA:8,9
DA:9,9
DA:10,9
DA:11,9
DA:12,9
LF:12
LH:12
BRDA:1,0,0,9
BRF:1
BRH:1
end_of_record
TN:
SF:src\config\stock.js
FNF:0
FNH:0
DA:1,9
DA:2,9
DA:3,9
DA:4,9
DA:5,9
DA:6,9
DA:7,9
DA:8,9
DA:9,9
DA:10,9
DA:11,9
DA:12,9
DA:13,9
LF:13
LH:13
BRDA:1,0,0,9
BRF:1
BRH:1
end_of_record
TN:
SF:src\config\validate.js
FN:23,validateConfig
FN:25,err
FN:26,warn
FN:153,formatReport
FN:167,validateOrExit
FNF:5
FNH:4
FNDA:12,validateConfig
FNDA:12,err
FNDA:1,warn
FNDA:2,formatReport
FNDA:0,validateOrExit
DA:1,1
DA:2,1
DA:3,1
DA:4,1
DA:5,1
DA:6,1
DA:7,1
DA:8,1
DA:9,1
DA:10,1
DA:11,1
DA:12,1
DA:13,1
DA:14,1
DA:15,1
DA:16,1
DA:17,1
DA:18,1
DA:19,1
DA:20,1
DA:21,1
DA:22,1
DA:23,12
DA:24,12
DA:25,12
DA:26,12
DA:27,12
DA:28,12
DA:29,12
DA:30,1
DA:31,1
DA:32,12
DA:33,12
DA:34,12
DA:35,12
DA:36,12
DA:37,12
DA:38,12
DA:39,12
DA:40,12
DA:41,12
DA:42,12
DA:43,12
DA:44,12
DA:45,12
DA:46,108
DA:47,107
DA:48,1
DA:49,1
DA:50,108
DA:51,12
DA:52,12
DA:53,12
DA:54,1
DA:55,1
DA:56,1
DA:57,1
DA:58,1
DA:59,12
DA:60,12
DA:61,12
DA:62,1
DA:63,1
DA:64,1
DA:65,1
DA:66,1
DA:67,12
DA:68,12
DA:69,12
DA:70,1
DA:71,1
DA:72,12
DA:73,1
DA:74,1
DA:75,12
DA:76,0
DA:77,0
DA:78,12
DA:79,12
DA:80,12
DA:81,0
DA:82,0
DA:83,0
DA:84,0
DA:85,0
DA:86,12
DA:87,12
DA:88,12
DA:89,1
DA:90,1
DA:91,12
DA:92,0
DA:93,0
DA:94,12
DA:95,0
DA:96,0
DA:97,0
DA:98,0
DA:99,0
DA:100,12
DA:101,12
DA:102,12
DA:103,12
DA:104,12
DA:105,1
DA:106,1
DA:107,1
DA:108,1
DA:109,1
DA:110,12
DA:111,12
DA:112,12
DA:113,0
DA:114,0
DA:115,12
DA:116,1
DA:117,1
DA:118,1
DA:119,1
DA:120,1
DA:121,12
DA:122,12
DA:123,12
DA:124,0
DA:125,0
DA:126,12
DA:127,1
DA:128,1
DA:129,12
DA:130,12
DA:131,12
DA:132,1
DA:133,1
DA:134,12
DA:135,0
DA:136,0
DA:137,12
DA:138,0
DA:139,0
DA:140,12
DA:141,12
DA:142,12
DA:143,12
DA:144,1
DA:145,1
DA:146,1
DA:147,1
DA:148,1
DA:149,12
DA:150,12
DA:151,12
DA:152,1
DA:153,2
DA:154,2
DA:155,1
DA:156,1
DA:157,1
DA:158,1
DA:159,1
DA:160,1
DA:161,2
DA:162,1
DA:163,1
DA:164,1
DA:165,1
DA:166,1
DA:167,0
DA:168,0
DA:169,0
DA:170,0
DA:171,0
DA:172,0
DA:173,0
DA:174,0
DA:175,0
DA:176,0
DA:177,0
DA:178,0
DA:179,1
DA:180,1
LF:180
LH:146
BRDA:1,0,0,1
BRDA:23,1,0,12
BRDA:29,2,0,1
BRDA:45,3,0,108
BRDA:46,4,0,1
BRDA:47,5,0,107
BRDA:47,6,0,1
BRDA:53,7,0,1
BRDA:61,8,0,1
BRDA:61,9,0,1
BRDA:69,10,0,1
BRDA:72,11,0,1
BRDA:75,12,0,0
BRDA:80,13,0,0
BRDA:88,14,0,1
BRDA:91,15,0,0
BRDA:94,16,0,0
BRDA:104,17,0,1
BRDA:106,18,0,0
BRDA:112,19,0,0
BRDA:115,20,0,1
BRDA:115,21,0,1
BRDA:123,22,0,0
BRDA:126,23,0,1
BRDA:131,24,0,1
BRDA:134,25,0,0
BRDA:137,26,0,0
BRDA:143,27,0,1
BRDA:25,28,0,12
BRDA:26,29,0,1
BRDA:153,30,0,2
BRDA:154,31,0,1
BRDA:155,32,0,2
BRDA:156,33,0,2
BRF:34
BRH:25
end_of_record
TN:
SF:src\core\errors.js
FN:10,DomainError
FN:18,ValidationError
FN:26,NotFoundError
FN:35,PermissionError
FN:43,ConflictError
FN:50,ExpiredError
FNF:6
FNH:3
FNDA:2,DomainError
FNDA:1,ValidationError
FNDA:1,NotFoundError
FNDA:0,PermissionError
FNDA:0,ConflictError
FNDA:0,ExpiredError
DA:1,1
DA:2,1
DA:3,1
DA:4,1
DA:5,1
DA:6,1
DA:7,1
DA:8,1
DA:9,1
DA:10,1
DA:11,2
DA:12,2
DA:13,2
DA:14,2
DA:15,1
DA:16,1
DA:17,1
DA:18,1
DA:19,1
DA:20,1
DA:21,1
DA:22,1
DA:23,1
DA:24,1
DA:25,1
DA:26,1
DA:27,1
DA:28,1
DA:29,1
DA:30,1
DA:31,1
DA:32,1
DA:33,1
DA:34,1
DA:35,1
DA:36,0
DA:37,0
DA:38,0
DA:39,0
DA:40,1
DA:41,1
DA:42,1
DA:43,1
DA:44,0
DA:45,0
DA:46,0
DA:47,1
DA:48,1
DA:49,1
DA:50,1
DA:51,0
DA:52,0
DA:53,0
DA:54,1
DA:55,1
DA:56,1
DA:57,1
DA:58,1
DA:59,1
DA:60,1
DA:61,1
DA:62,1
DA:63,1
LF:63
LH:53
BRDA:1,0,0,1
BRDA:10,1,0,2
BRDA:18,2,0,1
BRDA:26,3,0,1
BRDA:27,4,0,0
BRF:5
BRH:4
end_of_record
TN:
SF:src\core\eventBus.js
FN:30,DomainEventBus
FN:39,emitAsync
FNF:2
FNH:2
FNDA:7,DomainEventBus
FNDA:22,emitAsync
DA:1,7
DA:2,7
DA:3,7
DA:4,7
DA:5,7
DA:6,7
DA:7,7
DA:8,7
DA:9,7
DA:10,7
DA:11,7
DA:12,7
DA:13,7
DA:14,7
DA:15,7
DA:16,7
DA:17,7
DA:18,7
DA:19,7
DA:20,7
DA:21,7
DA:22,7
DA:23,7
DA:24,7
DA:25,7
DA:26,7
DA:27,7
DA:28,7
DA:29,7
DA:30,7
DA:31,7
DA:32,7
DA:33,7
DA:34,7
DA:35,7
DA:36,7
DA:37,7
DA:38,7
DA:39,7
DA:40,22
DA:41,22
DA:42,22
DA:43,2
DA:44,2
DA:45,2
DA:46,2
DA:47,1
DA:48,1
DA:49,1
DA:50,2
DA:51,22
DA:52,7
DA:53,7
DA:54,7
DA:55,7
DA:56,7
LF:56
LH:56
BRDA:1,0,0,7
BRDA:30,1,0,7
BRDA:39,2,0,22
BRDA:42,3,0,20
BRDA:43,4,0,2
BRDA:47,5,0,1
BRF:6
BRH:6
end_of_record
TN:
SF:src\core\events.js
FN:64,isKnownEvent
FNF:1
FNH:1
FNDA:4,isKnownEvent
DA:1,1
DA:2,1
DA:3,1
DA:4,1
DA:5,1
DA:6,1
DA:7,1
DA:8,1
DA:9,1
DA:10,1
DA:11,1
DA:12,1
DA:13,1
DA:14,1
DA:15,1
DA:16,1
DA:17,1
DA:18,1
DA:19,1
DA:20,1
DA:21,1
DA:22,1
DA:23,1
DA:24,1
DA:25,1
DA:26,1
DA:27,1
DA:28,1
DA:29,1
DA:30,1
DA:31,1
DA:32,1
DA:33,1
DA:34,1
DA:35,1
DA:36,1
DA:37,1
DA:38,1
DA:39,1
DA:40,1
DA:41,1
DA:42,1
DA:43,1
DA:44,1
DA:45,1
DA:46,1
DA:47,1
DA:48,1
DA:49,1
DA:50,1
DA:51,1
DA:52,1
DA:53,1
DA:54,1
DA:55,1
DA:56,1
DA:57,1
DA:58,1
DA:59,1
DA:60,1
DA:61,1
DA:62,1
DA:63,1
DA:64,4
DA:65,4
DA:66,4
DA:67,1
DA:68,1
LF:68
LH:68
BRDA:1,0,0,1
BRDA:64,1,0,4
BRF:2
BRH:2
end_of_record
TN:
SF:src\discord\structureTemplate.js
FN:119,bold
FN:123,ch
FN:128,unbold
FN:139,extractNicknameFromFormatted
FN:212,formatResidentChannelName
FN:235,normalizeChannelNameToShort
FN:327,id
FN:445,rolesFor
FN:606,_applyPatraoDiZonaPrivateOverrides
FN:615,_applyInventoryLogOverrides
FN:652,_applyStaffOnlyOverrides
FN:658,_applyOgPlusWriteOverrides
FN:671,_applyReadonlyConsultOverrides
FNF:13
FNH:9
FNDA:45,bold
FNDA:28,ch
FNDA:0,unbold
FNDA:0,extractNicknameFromFormatted
FNDA:1,formatResidentChannelName
FNDA:0,normalizeChannelNameToShort
FNDA:8,id
FNDA:0,rolesFor
FNDA:1,_applyPatraoDiZonaPrivateOverrides
FNDA:1,_applyInventoryLogOverrides
FNDA:1,_applyStaffOnlyOverrides
FNDA:1,_applyOgPlusWriteOverrides
FNDA:1,_applyReadonlyConsultOverrides
DA:1,1
DA:2,1
DA:3,1
DA:4,1
DA:5,1
DA:6,1
DA:7,1
DA:8,1
DA:9,1
DA:10,1
DA:11,1
DA:12,1
DA:13,1
DA:14,1
DA:15,1
DA:16,1
DA:17,1
DA:18,1
DA:19,1
DA:20,1
DA:21,1
DA:22,1
DA:23,1
DA:24,1
DA:25,1
DA:26,1
DA:27,1
DA:28,1
DA:29,1
DA:30,1
DA:31,1
DA:32,1
DA:33,1
DA:34,1
DA:35,1
DA:36,1
DA:37,1
DA:38,1
DA:39,1
DA:40,1
DA:41,1
DA:42,1
DA:43,1
DA:44,1
DA:45,1
DA:46,1
DA:47,1
DA:48,1
DA:49,1
DA:50,1
DA:51,1
DA:52,1
DA:53,1
DA:54,1
DA:55,1
DA:56,1
DA:57,1
DA:58,1
DA:59,1
DA:60,1
DA:61,1
DA:62,1
DA:63,1
DA:64,1
DA:65,1
DA:66,1
DA:67,1
DA:68,1
DA:69,1
DA:70,1
DA:71,1
DA:72,1
DA:73,1
DA:74,1
DA:75,1
DA:76,1
DA:77,1
DA:78,1
DA:79,1
DA:80,1
DA:81,1
DA:82,1
DA:83,1
DA:84,1
DA:85,1
DA:86,1
DA:87,1
DA:88,1
DA:89,1
DA:90,1
DA:91,1
DA:92,1
DA:93,1
DA:94,1
DA:95,1
DA:96,1
DA:97,1
DA:98,1
DA:99,1
DA:100,1
DA:101,1
DA:102,1
DA:103,1
DA:104,1
DA:105,1
DA:106,1
DA:107,1
DA:108,1
DA:109,1
DA:110,1
DA:111,1
DA:112,1
DA:113,1
DA:114,1
DA:115,1
DA:116,1
DA:117,1
DA:118,1
DA:119,45
DA:120,45
DA:121,45
DA:122,45
DA:123,28
DA:124,28
DA:125,28
DA:126,1
DA:127,1
DA:128,0
DA:129,0
DA:130,0
DA:131,0
DA:132,0
DA:133,0
DA:134,1
DA:135,1
DA:136,1
DA:137,1
DA:138,1
DA:139,0
DA:140,0
DA:141,0
DA:142,0
DA:143,0
DA:144,0
DA:145,0
DA:146,0
DA:147,0
DA:148,0
DA:149,0
DA:150,0
DA:151,0
DA:152,0
DA:153,0
DA:154,0
DA:155,0
DA:156,0
DA:157,0
DA:158,0
DA:159,0
DA:160,0
DA:161,0
DA:162,0
DA:163,0
DA:164,0
DA:165,0
DA:166,0
DA:167,0
DA:168,0
DA:169,1
DA:170,1
DA:171,1
DA:172,1
DA:173,1
DA:174,1
DA:175,1
DA:176,1
DA:177,1
DA:178,1
DA:179,1
DA:180,1
DA:181,1
DA:182,1
DA:183,1
DA:184,1
DA:185,1
DA:186,1
DA:187,1
DA:188,1
DA:189,1
DA:190,1
DA:191,1
DA:192,1
DA:193,1
DA:194,1
DA:195,1
DA:196,1
DA:197,1
DA:198,1
DA:199,1
DA:200,1
DA:201,1
DA:202,1
DA:203,1
DA:204,1
DA:205,1
DA:206,1
DA:207,1
DA:208,1
DA:209,1
DA:210,1
DA:211,1
DA:212,1
DA:213,1
DA:214,1
DA:215,1
DA:216,1
DA:217,1
DA:218,1
DA:219,1
DA:220,1
DA:221,1
DA:222,1
DA:223,1
DA:224,1
DA:225,1
DA:226,1
DA:227,1
DA:228,1
DA:229,1
DA:230,1
DA:231,1
DA:232,1
DA:233,1
DA:234,1
DA:235,0
DA:236,0
DA:237,0
DA:238,0
DA:239,0
DA:240,0
DA:241,0
DA:242,0
DA:243,0
DA:244,0
DA:245,0
DA:246,0
DA:247,0
DA:248,0
DA:249,0
DA:250,0
DA:251,0
DA:252,0
DA:253,0
DA:254,0
DA:255,0
DA:256,0
DA:257,0
DA:258,1
DA:259,1
DA:260,1
DA:261,1
DA:262,1
DA:263,1
DA:264,1
DA:265,1
DA:266,1
DA:267,1
DA:268,1
DA:269,1
DA:270,1
DA:271,1
DA:272,1
DA:273,1
DA:274,1
DA:275,1
DA:276,1
DA:277,1
DA:278,1
DA:279,1
DA:280,1
DA:281,1
DA:282,1
DA:283,1
DA:284,1
DA:285,1
DA:286,1
DA:287,1
DA:288,1
DA:289,1
DA:290,1
DA:291,1
DA:292,1
DA:293,1
DA:294,1
DA:295,1
DA:296,1
DA:297,1
DA:298,1
DA:299,1
DA:300,1
DA:301,1
DA:302,1
DA:303,1
DA:304,1
DA:305,1
DA:306,1
DA:307,1
DA:308,1
DA:309,1
DA:310,1
DA:311,1
DA:312,1
DA:313,1
DA:314,1
DA:315,1
DA:316,1
DA:317,1
DA:318,1
DA:319,1
DA:320,1
DA:321,1
DA:322,1
DA:323,1
DA:324,1
DA:325,1
DA:326,1
DA:327,8
DA:328,8
DA:329,8
DA:330,1
DA:331,1
DA:332,1
DA:333,1
DA:334,1
DA:335,1
DA:336,1
DA:337,1
DA:338,1
DA:339,1
DA:340,1
DA:341,1
DA:342,1
DA:343,1
DA:344,1
DA:345,1
DA:346,1
DA:347,1
DA:348,1
DA:349,1
DA:350,1
DA:351,1
DA:352,1
DA:353,1
DA:354,1
DA:355,1
DA:356,1
DA:357,1
DA:358,1
DA:359,1
DA:360,1
DA:361,1
DA:362,1
DA:363,1
DA:364,1
DA:365,1
DA:366,1
DA:367,1
DA:368,1
DA:369,1
DA:370,1
DA:371,1
DA:372,1
DA:373,1
DA:374,1
DA:375,1
DA:376,1
DA:377,1
DA:378,1
DA:379,1
DA:380,1
DA:381,1
DA:382,1
DA:383,1
DA:384,1
DA:385,1
DA:386,1
DA:387,1
DA:388,1
DA:389,1
DA:390,1
DA:391,1
DA:392,1
DA:393,1
DA:394,1
DA:395,1
DA:396,1
DA:397,1
DA:398,1
DA:399,1
DA:400,1
DA:401,1
DA:402,1
DA:403,1
DA:404,1
DA:405,1
DA:406,1
DA:407,1
DA:408,1
DA:409,1
DA:410,1
DA:411,1
DA:412,1
DA:413,1
DA:414,1
DA:415,1
DA:416,1
DA:417,1
DA:418,1
DA:419,1
DA:420,1
DA:421,1
DA:422,1
DA:423,1
DA:424,1
DA:425,1
DA:426,1
DA:427,1
DA:428,1
DA:429,1
DA:430,1
DA:431,1
DA:432,1
DA:433,1
DA:434,1
DA:435,1
DA:436,1
DA:437,1
DA:438,1
DA:439,1
DA:440,1
DA:441,1
DA:442,1
DA:443,1
DA:444,1
DA:445,0
DA:446,0
DA:447,0
DA:448,0
DA:449,0
DA:450,0
DA:451,0
DA:452,0
DA:453,0
DA:454,0
DA:455,0
DA:456,0
DA:457,0
DA:458,0
DA:459,0
DA:460,0
DA:461,0
DA:462,0
DA:463,0
DA:464,0
DA:465,0
DA:466,0
DA:467,0
DA:468,0
DA:469,1
DA:470,1
DA:471,1
DA:472,1
DA:473,1
DA:474,1
DA:475,1
DA:476,1
DA:477,1
DA:478,1
DA:479,1
DA:480,1
DA:481,1
DA:482,1
DA:483,1
DA:484,1
DA:485,1
DA:486,1
DA:487,1
DA:488,1
DA:489,1
DA:490,1
DA:491,1
DA:492,1
DA:493,1
DA:494,1
DA:495,1
DA:496,1
DA:497,1
DA:498,1
DA:499,1
DA:500,1
DA:501,1
DA:502,1
DA:503,1
DA:504,1
DA:505,1
DA:506,1
DA:507,1
DA:508,1
DA:509,1
DA:510,1
DA:511,1
DA:512,1
DA:513,1
DA:514,1
DA:515,1
DA:516,1
DA:517,1
DA:518,1
DA:519,1
DA:520,1
DA:521,1
DA:522,1
DA:523,1
DA:524,1
DA:525,1
DA:526,1
DA:527,1
DA:528,1
DA:529,1
DA:530,1
DA:531,1
DA:532,1
DA:533,1
DA:534,1
DA:535,1
DA:536,1
DA:537,1
DA:538,1
DA:539,1
DA:540,1
DA:541,1
DA:542,1
DA:543,1
DA:544,1
DA:545,1
DA:546,1
DA:547,1
DA:548,1
DA:549,1
DA:550,1
DA:551,1
DA:552,1
DA:553,1
DA:554,1
DA:555,1
DA:556,1
DA:557,1
DA:558,1
DA:559,1
DA:560,1
DA:561,1
DA:562,1
DA:563,1
DA:564,1
DA:565,1
DA:566,1
DA:567,1
DA:568,1
DA:569,1
DA:570,1
DA:571,1
DA:572,1
DA:573,1
DA:574,1
DA:575,1
DA:576,1
DA:577,1
DA:578,1
DA:579,1
DA:580,1
DA:581,1
DA:582,1
DA:583,1
DA:584,1
DA:585,1
DA:586,1
DA:587,1
DA:588,1
DA:589,1
DA:590,1
DA:591,1
DA:592,1
DA:593,1
DA:594,1
DA:595,1
DA:596,1
DA:597,1
DA:598,1
DA:599,1
DA:600,1
DA:601,1
DA:602,1
DA:603,1
DA:604,1
DA:605,1
DA:606,1
DA:607,1
DA:608,1
DA:609,1
DA:610,1
DA:611,1
DA:612,1
DA:613,1
DA:614,1
DA:615,1
DA:616,1
DA:617,1
DA:618,1
DA:619,1
DA:620,1
DA:621,1
DA:622,1
DA:623,1
DA:624,1
DA:625,1
DA:626,1
DA:627,1
DA:628,1
DA:629,1
DA:630,1
DA:631,1
DA:632,1
DA:633,1
DA:634,1
DA:635,1
DA:636,1
DA:637,1
DA:638,1
DA:639,1
DA:640,1
DA:641,1
DA:642,1
DA:643,1
DA:644,1
DA:645,1
DA:646,1
DA:647,1
DA:648,1
DA:649,1
DA:650,1
DA:651,1
DA:652,1
DA:653,1
DA:654,1
DA:655,1
DA:656,1
DA:657,1
DA:658,1
DA:659,1
DA:660,1
DA:661,1
DA:662,1
DA:663,1
DA:664,1
DA:665,3
DA:666,3
DA:667,1
DA:668,1
DA:669,1
DA:670,1
DA:671,1
DA:672,1
DA:673,1
DA:674,1
DA:675,1
DA:676,1
DA:677,1
DA:678,1
DA:679,1
DA:680,1
DA:681,1
DA:682,1
DA:683,1
DA:684,9
DA:685,9
DA:686,1
DA:687,1
DA:688,1
DA:689,1
DA:690,1
DA:691,1
DA:692,1
DA:693,1
DA:694,1
DA:695,1
DA:696,1
DA:697,1
DA:698,1
DA:699,1
DA:700,1
DA:701,1
DA:702,1
DA:703,1
DA:704,1
DA:705,1
DA:706,1
DA:707,1
DA:708,1
DA:709,1
DA:710,1
DA:711,1
DA:712,1
DA:713,1
DA:714,1
DA:715,1
DA:716,1
DA:717,1
DA:718,1
DA:719,1
DA:720,1
DA:721,1
DA:722,1
DA:723,1
DA:724,1
DA:725,1
DA:726,1
DA:727,1
DA:728,1
DA:729,1
DA:730,1
DA:731,1
DA:732,1
DA:733,1
DA:734,1
DA:735,1
DA:736,1
DA:737,1
DA:738,1
DA:739,1
DA:740,1
DA:741,1
DA:742,1
DA:743,1
DA:744,1
DA:745,1
DA:746,1
DA:747,1
DA:748,1
DA:749,1
DA:750,1
DA:751,1
DA:752,1
DA:753,1
DA:754,1
DA:755,1
DA:756,1
DA:757,1
DA:758,1
DA:759,1
DA:760,1
DA:761,1
DA:762,1
DA:763,1
DA:764,1
DA:765,1
DA:766,1
DA:767,1
DA:768,1
DA:769,1
DA:770,1
DA:771,1
DA:772,1
DA:773,1
DA:774,1
DA:775,1
DA:776,1
DA:777,1
DA:778,1
DA:779,1
DA:780,1
DA:781,1
DA:782,1
DA:783,1
DA:784,1
DA:785,1
DA:786,1
DA:787,1
DA:788,1
DA:789,1
DA:790,1
DA:791,1
DA:792,1
DA:793,1
DA:794,1
DA:795,1
DA:796,1
DA:797,1
DA:798,1
DA:799,1
DA:800,1
DA:801,1
DA:802,1
DA:803,1
DA:804,1
DA:805,1
DA:806,1
DA:807,1
DA:808,1
DA:809,1
DA:810,1
DA:811,1
DA:812,1
DA:813,1
DA:814,1
DA:815,1
DA:816,1
DA:817,1
DA:818,1
DA:819,1
DA:820,1
DA:821,1
DA:822,1
DA:823,1
DA:824,1
DA:825,1
DA:826,1
DA:827,1
DA:828,1
DA:829,1
DA:830,1
DA:831,1
DA:832,1
DA:833,1
DA:834,1
DA:835,1
DA:836,1
DA:837,1
DA:838,1
DA:839,1
DA:840,1
DA:841,1
DA:842,1
DA:843,1
DA:844,1
DA:845,1
DA:846,1
DA:847,1
DA:848,1
DA:849,1
DA:850,1
DA:851,1
DA:852,1
DA:853,1
DA:854,1
DA:855,1
DA:856,1
DA:857,1
DA:858,1
DA:859,1
DA:860,1
DA:861,1
DA:862,1
DA:863,1
DA:864,1
DA:865,1
DA:866,1
DA:867,1
DA:868,1
DA:869,1
DA:870,1
DA:871,1
DA:872,1
DA:873,1
DA:874,1
DA:875,1
DA:876,1
DA:877,1
DA:878,1
DA:879,1
DA:880,1
DA:881,1
DA:882,1
DA:883,1
DA:884,1
DA:885,1
DA:886,1
DA:887,1
DA:888,1
DA:889,1
DA:890,1
DA:891,1
DA:892,1
DA:893,1
DA:894,1
DA:895,1
DA:896,1
DA:897,1
DA:898,1
DA:899,1
DA:900,1
DA:901,1
DA:902,1
DA:903,1
DA:904,1
DA:905,1
DA:906,1
DA:907,1
DA:908,1
DA:909,1
DA:910,1
DA:911,1
DA:912,1
DA:913,1
DA:914,1
DA:915,1
DA:916,1
DA:917,1
DA:918,1
DA:919,1
DA:920,1
DA:921,1
DA:922,1
DA:923,26
DA:924,26
DA:925,1
DA:926,1
DA:927,1
DA:928,1
DA:929,1
DA:930,1
DA:931,1
DA:932,1
DA:933,1
DA:934,1
DA:935,1
DA:936,1
DA:937,1
DA:938,1
DA:939,1
DA:940,1
DA:941,1
DA:942,1
DA:943,12
DA:944,12
DA:945,1
DA:946,1
DA:947,1
DA:948,1
DA:949,1
DA:950,1
DA:951,1
DA:952,1
DA:953,1
DA:954,1
DA:955,1
DA:956,1
DA:957,1
DA:958,1
DA:959,1
DA:960,1
DA:961,1
DA:962,1
DA:963,1
DA:964,1
DA:965,1
DA:966,1
DA:967,1
DA:968,1
DA:969,1
DA:970,1
DA:971,1
DA:972,1
DA:973,1
DA:974,1
DA:975,1
DA:976,1
DA:977,1
DA:978,1
DA:979,1
DA:980,1
DA:981,1
DA:982,1
DA:983,1
DA:984,1
DA:985,1
DA:986,1
DA:987,1
DA:988,1
DA:989,1
DA:990,1
DA:991,1
DA:992,1
DA:993,1
DA:994,1
DA:995,1
DA:996,1
DA:997,1
LF:997
LH:914
BRDA:1,0,0,1
BRDA:881,1,0,4
BRDA:882,2,0,4
BRDA:883,3,0,2
BRDA:884,4,0,2
BRDA:885,5,0,4
BRDA:922,6,0,26
BRDA:942,7,0,12
BRDA:119,8,0,45
BRDA:120,9,0,415
BRDA:120,10,0,407
BRDA:121,11,0,423
BRDA:121,12,0,33
BRDA:123,13,0,28
BRDA:127,14,0,62
BRDA:209,15,0,15
BRDA:210,16,0,42
BRDA:212,17,0,1
BRDA:213,18,0,0
BRDA:214,19,0,0
BRDA:215,20,0,0
BRDA:215,21,0,0
BRDA:217,22,0,0
BRDA:327,23,0,8
BRDA:349,24,0,8
BRDA:606,25,0,1
BRDA:615,26,0,1
BRDA:652,27,0,1
BRDA:658,28,0,1
BRDA:664,29,0,3
BRDA:671,30,0,1
BRDA:683,31,0,9
BRF:32
BRH:27
end_of_record
TN:
SF:src\kills\killEngine.js
FN:18,recordKill
FN:97,getLeaderboard
FN:101,getRecent
FN:105,publishKillToChannel
FN:138,getKillerStats
FNF:5
FNH:3
FNDA:14,recordKill
FNDA:1,getLeaderboard
FNDA:1,getRecent
FNDA:0,publishKillToChannel
FNDA:0,getKillerStats
DA:1,1
DA:2,1
DA:3,1
DA:4,1
DA:5,1
DA:6,1
DA:7,1
DA:8,1
DA:9,1
DA:10,1
DA:11,1
DA:12,1
DA:13,1
DA:14,1
DA:15,1
DA:16,1
DA:17,1
DA:18,14
DA:19,14
DA:20,14
DA:21,14
DA:22,14
DA:23,14
DA:24,14
DA:25,14
DA:26,14
DA:27,14
DA:28,14
DA:29,14
DA:30,14
DA:31,14
DA:32,13
DA:33,13
DA:34,14
DA:35,12
DA:36,12
DA:37,14
DA:38,5
DA:39,5
DA:40,5
DA:41,5
DA:42,5
DA:43,5
DA:44,0
DA:45,0
DA:46,5
DA:47,5
DA:48,5
DA:49,5
DA:50,5
DA:51,5
DA:52,0
DA:53,0
DA:54,0
DA:55,0
DA:56,5
DA:57,12
DA:58,12
DA:59,12
DA:60,12
DA:61,12
DA:62,12
DA:63,12
DA:64,12
DA:65,12
DA:66,12
DA:67,12
DA:68,12
DA:69,12
DA:70,12
DA:71,12
DA:72,12
DA:73,12
DA:74,12
DA:75,12
DA:76,12
DA:77,12
DA:78,12
DA:79,12
DA:80,12
DA:81,12
DA:82,12
DA:83,12
DA:84,12
DA:85,12
DA:86,12
DA:87,12
DA:88,12
DA:89,12
DA:90,12
DA:91,12
DA:92,12
DA:93,12
DA:94,12
DA:95,14
DA:96,1
DA:97,1
DA:98,1
DA:99,1
DA:100,1
DA:101,1
DA:102,1
DA:103,1
DA:104,1
DA:105,0
DA:106,0
DA:107,0
DA:108,0
DA:109,0
DA:110,0
DA:111,0
DA:112,0
DA:113,0
DA:114,0
DA:115,0
DA:116,0
DA:117,0
DA:118,0
DA:119,0
DA:120,0
DA:121,0
DA:122,0
DA:123,0
DA:124,0
DA:125,0
DA:126,0
DA:127,0
DA:128,0
DA:129,0
DA:130,0
DA:131,0
DA:132,0
DA:133,0
DA:134,0
DA:135,1
DA:136,1
DA:137,1
DA:138,0
DA:139,0
DA:140,0
DA:141,0
DA:142,0
DA:143,0
DA:144,0
DA:145,0
DA:146,0
DA:147,0
DA:148,0
DA:149,0
DA:150,0
DA:151,0
DA:152,0
DA:153,0
DA:154,0
DA:155,0
DA:156,0
DA:157,0
DA:158,0
DA:159,0
DA:160,0
DA:161,0
DA:162,0
DA:163,0
DA:164,0
DA:165,0
DA:166,0
DA:167,0
DA:168,0
DA:169,0
DA:170,1
DA:171,1
LF:171
LH:103
BRDA:1,0,0,1
BRDA:18,1,0,14
BRDA:31,2,0,1
BRDA:32,3,0,13
BRDA:34,4,0,1
BRDA:35,5,0,12
BRDA:37,6,0,5
BRDA:39,7,0,0
BRDA:43,8,0,0
BRDA:51,9,0,0
BRDA:57,10,0,12
BRDA:50,11,0,6
BRDA:97,12,0,1
BRDA:101,13,0,1
BRF:14
BRH:11
end_of_record
TN:
SF:src\lib\metrics.js
FN:8,_ensureCounter
FN:11,_ensureGauge
FN:15,labeledCounter
FN:19,inc
FN:29,counter
FN:32,inc
FN:35,get
FN:38,reset
FN:44,gauge
FN:47,set
FN:50,inc
FN:53,dec
FN:56,get
FN:62,_snapshotPoolStats
FN:75,toPrometheusText
FN:108,toJson
FNF:16
FNH:7
FNDA:90,_ensureCounter
FNDA:55,_ensureGauge
FNDA:15,labeledCounter
FNDA:2,inc
FNDA:90,counter
FNDA:5,inc
FNDA:0,get
FNDA:0,reset
FNDA:55,gauge
FNDA:0,set
FNDA:0,inc
FNDA:0,dec
FNDA:0,get
FNDA:0,_snapshotPoolStats
FNDA:0,toPrometheusText
FNDA:0,toJson
DA:1,5
DA:2,5
DA:3,5
DA:4,5
DA:5,5
DA:6,5
DA:7,5
DA:8,90
DA:9,90
DA:10,90
DA:11,55
DA:12,55
DA:13,55
DA:14,5
DA:15,15
DA:16,15
DA:17,15
DA:18,15
DA:19,15
DA:20,2
DA:21,2
DA:22,15
DA:23,15
DA:24,15
DA:25,15
DA:26,15
DA:27,15
DA:28,5
DA:29,90
DA:30,90
DA:31,90
DA:32,90
DA:33,5
DA:34,90
DA:35,90
DA:36,0
DA:37,90
DA:38,90
DA:39,0
DA:40,90
DA:41,90
DA:42,90
DA:43,5
DA:44,55
DA:45,55
DA:46,55
DA:47,55
DA:48,0
DA:49,55
DA:50,55
DA:51,0
DA:52,55
DA:53,55
DA:54,0
DA:55,55
DA:56,55
DA:57,0
DA:58,55
DA:59,55
DA:60,55
DA:61,5
DA:62,0
DA:63,0
DA:64,0
DA:65,0
DA:66,0
DA:67,0
DA:68,0
DA:69,0
DA:70,0
DA:71,0
DA:72,0
DA:73,0
DA:74,5
DA:75,0
DA:76,0
DA:77,0
DA:78,0
DA:79,0
DA:80,0
DA:81,0
DA:82,0
DA:83,0
DA:84,0
DA:85,0
DA:86,0
DA:87,0
DA:88,0
DA:89,0
DA:90,0
DA:91,0
DA:92,0
DA:93,0
DA:94,0
DA:95,0
DA:96,0
DA:97,0
DA:98,0
DA:99,0
DA:100,0
DA:101,0
DA:102,0
DA:103,0
DA:104,0
DA:105,0
DA:106,0
DA:107,5
DA:108,0
DA:109,0
DA:110,0
DA:111,0
DA:112,0
DA:113,0
DA:114,0
DA:115,5
DA:116,5
DA:117,5
DA:118,5
DA:119,5
DA:120,5
DA:121,5
DA:122,5
DA:123,5
DA:124,5
DA:125,5
DA:126,5
DA:127,5
DA:128,5
DA:129,5
DA:130,5
DA:131,5
DA:132,5
DA:133,5
DA:134,5
DA:135,5
DA:136,5
DA:137,5
DA:138,5
DA:139,5
DA:140,5
DA:141,5
DA:142,5
DA:143,5
DA:144,5
DA:145,5
DA:146,5
DA:147,5
DA:148,5
DA:149,5
DA:150,5
DA:151,5
DA:152,5
DA:153,5
DA:154,5
DA:155,5
DA:156,5
DA:157,5
DA:158,5
DA:159,5
DA:160,5
DA:161,5
DA:162,5
DA:163,5
DA:164,5
DA:165,5
DA:166,5
DA:167,5
DA:168,5
DA:169,5
DA:170,5
DA:171,5
DA:172,5
DA:173,5
DA:174,5
DA:175,5
DA:176,5
DA:177,5
DA:178,5
DA:179,5
DA:180,5
DA:181,5
DA:182,5
DA:183,5
DA:184,5
DA:185,5
DA:186,5
DA:187,5
DA:188,5
DA:189,5
DA:190,5
DA:191,5
DA:192,5
DA:193,5
DA:194,5
LF:194
LH:137
BRDA:1,0,0,5
BRDA:8,1,0,90
BRDA:9,2,0,0
BRDA:11,3,0,55
BRDA:12,4,0,0
BRDA:15,5,0,15
BRDA:19,6,0,2
BRDA:20,7,0,2
BRDA:20,8,0,0
BRDA:29,9,0,90
BRDA:32,10,0,5
BRDA:44,11,0,55
BRF:12
BRH:9
end_of_record
TN:
SF:src\members\autoPromotionEngine.js
FN:48,getMemberMaterialQty
FN:77,checkAndPromote
FN:183,formatTierName
FN:200,getPromotionProgress
FNF:4
FNH:0
FNDA:0,getMemberMaterialQty
FNDA:0,checkAndPromote
FNDA:0,formatTierName
FNDA:0,getPromotionProgress
DA:1,1
DA:2,1
DA:3,1
DA:4,1
DA:5,1
DA:6,1
DA:7,1
DA:8,1
DA:9,1
DA:10,1
DA:11,1
DA:12,1
DA:13,1
DA:14,1
DA:15,1
DA:16,1
DA:17,1
DA:18,1
DA:19,1
DA:20,1
DA:21,1
DA:22,1
DA:23,1
DA:24,1
DA:25,1
DA:26,1
DA:27,1
DA:28,1
DA:29,1
DA:30,1
DA:31,1
DA:32,1
DA:33,1
DA:34,1
DA:35,1
DA:36,1
DA:37,1
DA:38,1
DA:39,1
DA:40,1
DA:41,1
DA:42,1
DA:43,1
DA:44,1
DA:45,1
DA:46,1
DA:47,1
DA:48,0
DA:49,0
DA:50,0
DA:51,0
DA:52,0
DA:53,0
DA:54,0
DA:55,0
DA:56,0
DA:57,0
DA:58,0
DA:59,0
DA:60,0
DA:61,0
DA:62,0
DA:63,0
DA:64,1
DA:65,1
DA:66,1
DA:67,1
DA:68,1
DA:69,1
DA:70,1
DA:71,1
DA:72,1
DA:73,1
DA:74,1
DA:75,1
DA:76,1
DA:77,0
DA:78,0
DA:79,0
DA:80,0
DA:81,0
DA:82,0
DA:83,0
DA:84,0
DA:85,0
DA:86,0
DA:87,0
DA:88,0
DA:89,0
DA:90,0
DA:91,0
DA:92,0
DA:93,0
DA:94,0
DA:95,0
DA:96,0
DA:97,0
DA:98,0
DA:99,0
DA:100,0
DA:101,0
DA:102,0
DA:103,0
DA:104,0
DA:105,0
DA:106,0
DA:107,0
DA:108,0
DA:109,0
DA:110,0
DA:111,0
DA:112,0
DA:113,0
DA:114,0
DA:115,0
DA:116,0
DA:117,0
DA:118,0
DA:119,0
DA:120,0
DA:121,0
DA:122,0
DA:123,0
DA:124,0
DA:125,0
DA:126,0
DA:127,0
DA:128,0
DA:129,0
DA:130,0
DA:131,0
DA:132,0
DA:133,0
DA:134,0
DA:135,0
DA:136,0
DA:137,0
DA:138,0
DA:139,0
DA:140,0
DA:141,0
DA:142,0
DA:143,0
DA:144,0
DA:145,0
DA:146,0
DA:147,0
DA:148,0
DA:149,0
DA:150,0
DA:151,0
DA:152,0
DA:153,0
DA:154,0
DA:155,0
DA:156,0
DA:157,0
DA:158,0
DA:159,0
DA:160,0
DA:161,0
DA:162,0
DA:163,0
DA:164,0
DA:165,0
DA:166,0
DA:167,0
DA:168,0
DA:169,0
DA:170,0
DA:171,0
DA:172,0
DA:173,0
DA:174,0
DA:175,0
DA:176,0
DA:177,0
DA:178,0
DA:179,0
DA:180,0
DA:181,0
DA:182,1
DA:183,0
DA:184,0
DA:185,0
DA:186,0
DA:187,0
DA:188,0
DA:189,0
DA:190,0
DA:191,0
DA:192,0
DA:193,0
DA:194,0
DA:195,0
DA:196,1
DA:197,1
DA:198,1
DA:199,1
DA:200,0
DA:201,0
DA:202,0
DA:203,0
DA:204,0
DA:205,0
DA:206,0
DA:207,0
DA:208,0
DA:209,0
DA:210,0
DA:211,0
DA:212,0
DA:213,0
DA:214,0
DA:215,0
DA:216,0
DA:217,0
DA:218,0
DA:219,0
DA:220,0
DA:221,0
DA:222,0
DA:223,0
DA:224,0
DA:225,0
DA:226,0
DA:227,0
DA:228,0
DA:229,0
DA:230,0
DA:231,0
DA:232,0
DA:233,0
DA:234,0
DA:235,0
DA:236,0
DA:237,0
DA:238,0
DA:239,0
DA:240,0
DA:241,0
DA:242,1
DA:243,1
DA:244,1
DA:245,1
DA:246,1
DA:247,1
DA:248,1
DA:249,1
DA:250,1
DA:251,1
LF:251
LH:75
BRDA:1,0,0,1
BRF:1
BRH:1
end_of_record
TN:
SF:src\members\roleInvariants.js
FN:20,hasAnyTier
FN:25,hasBairristasBase
FN:44,ensureInvariants
FN:114,reconcileAllMembers
FNF:4
FNH:3
FNDA:5,hasAnyTier
FNDA:5,hasBairristasBase
FNDA:5,ensureInvariants
FNDA:0,reconcileAllMembers
DA:1,1
DA:2,1
DA:3,1
DA:4,1
DA:5,1
DA:6,1
DA:7,1
DA:8,1
DA:9,1
DA:10,1
DA:11,1
DA:12,1
DA:13,1
DA:14,1
DA:15,1
DA:16,1
DA:17,1
DA:18,1
DA:19,1
DA:20,5
DA:21,5
DA:22,5
DA:23,5
DA:24,1
DA:25,5
DA:26,5
DA:27,5
DA:28,5
DA:29,1
DA:30,1
DA:31,1
DA:32,1
DA:33,1
DA:34,1
DA:35,1
DA:36,1
DA:37,1
DA:38,1
DA:39,1
DA:40,1
DA:41,1
DA:42,1
DA:43,1
DA:44,5
DA:45,5
DA:46,5
DA:47,5
DA:48,5
DA:49,5
DA:50,5
DA:51,5
DA:52,5
DA:53,5
DA:54,2
DA:55,2
DA:56,1
DA:57,1
DA:58,1
DA:59,1
DA:60,1
DA:61,1
DA:62,1
DA:63,1
DA:64,1
DA:65,1
DA:66,1
DA:67,0
DA:68,0
DA:69,1
DA:70,2
DA:71,5
DA:72,5
DA:73,5
DA:74,5
DA:75,2
DA:76,2
DA:77,2
DA:78,2
DA:79,2
DA:80,2
DA:81,5
DA:82,3
DA:83,3
DA:84,3
DA:85,5
DA:86,0
DA:87,0
DA:88,5
DA:89,2
DA:90,2
DA:91,2
DA:92,2
DA:93,2
DA:94,2
DA:95,2
DA:96,2
DA:97,2
DA:98,5
DA:99,5
DA:100,5
DA:101,5
DA:102,5
DA:103,5
DA:104,5
DA:105,5
DA:106,1
DA:107,1
DA:108,1
DA:109,1
DA:110,1
DA:111,1
DA:112,1
DA:113,1
DA:114,0
DA:115,0
DA:116,0
DA:117,0
DA:118,0
DA:119,0
DA:120,0
DA:121,0
DA:122,0
DA:123,0
DA:124,0
DA:125,0
DA:126,0
DA:127,0
DA:128,0
DA:129,0
DA:130,0
DA:131,0
DA:132,0
DA:133,0
DA:134,0
DA:135,0
DA:136,0
DA:137,0
DA:138,0
DA:139,0
DA:140,0
DA:141,0
DA:142,0
DA:143,0
DA:144,0
DA:145,0
DA:146,0
DA:147,0
DA:148,0
DA:149,1
DA:150,1
DA:151,1
DA:152,1
DA:153,1
DA:154,1
DA:155,1
DA:156,1
LF:156
LH:117
BRDA:1,0,0,1
BRDA:20,1,0,5
BRDA:22,2,0,5
BRDA:25,3,0,5
BRDA:27,4,0,0
BRDA:44,5,0,5
BRDA:46,6,0,4
BRDA:53,7,0,2
BRDA:55,8,0,1
BRDA:55,9,0,1
BRDA:55,10,0,1
BRDA:66,11,0,0
BRDA:74,12,0,2
BRDA:80,13,0,5
BRDA:81,14,0,2
BRDA:82,15,0,3
BRDA:85,16,0,0
BRDA:57,17,0,1
BRDA:73,18,0,15
BRDA:79,19,0,3
BRDA:83,20,0,3
BRF:21
BRH:18
end_of_record
TN:
SF:src\permissions\permissionEngine.js
FN:18,memberRoleIds
FN:26,hasAny
FN:30,getMemberRoles
FN:40,getBairristaTier
FN:48,getExactRole
FN:64,isCommand
FN:69,isSupervisor
FN:74,isChefia
FN:79,isOficial
FN:84,isPatraoDiZona
FN:87,isBairrista
FN:91,isAnyMember
FN:97,canManageInventory
FN:100,canManageOperations
FN:109,canOpenSession
FN:112,canManageBairro
FN:115,canViewAllMembers
FN:118,canRegisterMaterial
FN:121,canManageStructure
FN:124,canBootstrapStock
FN:127,canRegisterKill
FNF:21
FNH:14
FNDA:43,memberRoleIds
FNDA:42,hasAny
FNDA:1,getMemberRoles
FNDA:2,getBairristaTier
FNDA:2,getExactRole
FNDA:18,isCommand
FNDA:10,isSupervisor
FNDA:0,isChefia
FNDA:2,isOficial
FNDA:4,isPatraoDiZona
FNDA:4,isBairrista
FNDA:3,isAnyMember
FNDA:0,canManageInventory
FNDA:0,canManageOperations
FNDA:0,canOpenSession
FNDA:4,canManageBairro
FNDA:0,canViewAllMembers
FNDA:3,canRegisterMaterial
FNDA:3,canManageStructure
FNDA:0,canBootstrapStock
FNDA:0,canRegisterKill
DA:1,1
DA:2,1
DA:3,1
DA:4,1
DA:5,1
DA:6,1
DA:7,1
DA:8,1
DA:9,1
DA:10,1
DA:11,1
DA:12,1
DA:13,1
DA:14,1
DA:15,1
DA:16,1
DA:17,1
DA:18,43
DA:19,43
DA:20,43
DA:21,43
DA:22,43
DA:23,43
DA:24,43
DA:25,1
DA:26,42
DA:27,42
DA:28,42
DA:29,1
DA:30,1
DA:31,1
DA:32,1
DA:33,1
DA:34,1
DA:35,1
DA:36,1
DA:37,1
DA:38,1
DA:39,1
DA:40,2
DA:41,2
DA:42,2
DA:43,2
DA:44,1
DA:45,0
DA:46,2
DA:47,1
DA:48,2
DA:49,2
DA:50,2
DA:51,2
DA:52,2
DA:53,2
DA:54,2
DA:55,2
DA:56,2
DA:57,1
DA:58,0
DA:59,2
DA:60,1
DA:61,1
DA:62,1
DA:63,1
DA:64,18
DA:65,18
DA:66,18
DA:67,1
DA:68,1
DA:69,10
DA:70,10
DA:71,10
DA:72,1
DA:73,1
DA:74,0
DA:75,0
DA:76,0
DA:77,1
DA:78,1
DA:79,2
DA:80,2
DA:81,2
DA:82,1
DA:83,1
DA:84,4
DA:85,4
DA:86,4
DA:87,4
DA:88,4
DA:89,4
DA:90,1
DA:91,3
DA:92,3
DA:93,3
DA:94,1
DA:95,1
DA:96,1
DA:97,0
DA:98,0
DA:99,0
DA:100,0
DA:101,0
DA:102,0
DA:103,1
DA:104,1
DA:105,1
DA:106,1
DA:107,1
DA:108,1
DA:109,0
DA:110,0
DA:111,0
DA:112,4
DA:113,4
DA:114,4
DA:115,0
DA:116,0
DA:117,0
DA:118,3
DA:119,3
DA:120,3
DA:121,3
DA:122,3
DA:123,3
DA:124,0
DA:125,0
DA:126,0
DA:127,0
DA:128,0
DA:129,0
DA:130,1
DA:131,1
DA:132,1
DA:133,1
DA:134,1
DA:135,1
DA:136,1
DA:137,1
DA:138,1
DA:139,1
DA:140,1
DA:141,1
DA:142,1
DA:143,1
DA:144,1
DA:145,1
DA:146,1
DA:147,1
DA:148,1
DA:149,1
DA:150,1
DA:151,1
LF:151
LH:128
BRDA:1,0,0,1
BRDA:18,1,0,43
BRDA:20,2,0,0
BRDA:22,3,0,0
BRDA:22,4,0,47
BRDA:26,5,0,42
BRDA:27,6,0,68
BRDA:30,7,0,1
BRDA:33,8,0,0
BRDA:35,9,0,0
BRDA:40,10,0,2
BRDA:42,11,0,1
BRDA:43,12,0,0
BRDA:44,13,0,1
BRDA:45,14,0,0
BRDA:48,15,0,2
BRDA:50,16,0,0
BRDA:51,17,0,0
BRDA:52,18,0,0
BRDA:53,19,0,0
BRDA:54,20,0,0
BRDA:55,21,0,1
BRDA:56,22,0,0
BRDA:57,23,0,1
BRDA:58,24,0,0
BRDA:64,25,0,18
BRDA:69,26,0,10
BRDA:79,27,0,2
BRDA:80,28,0,1
BRDA:84,29,0,4
BRDA:85,30,0,3
BRDA:85,31,0,2
BRDA:87,32,0,4
BRDA:91,33,0,3
BRDA:92,34,0,2
BRDA:92,35,0,2
BRDA:92,36,0,2
BRDA:112,37,0,4
BRDA:113,38,0,3
BRDA:113,39,0,2
BRDA:118,40,0,3
BRDA:121,41,0,3
BRF:42
BRH:29
end_of_record
TN:
SF:src\radio\radioEngine.js
FN:26,isValidValue
FN:36,normaliseValue
FN:40,generateRandom
FN:58,setRadio
FN:98,notifyStickyChange
FN:107,setRandom
FN:114,swapRadios
FN:145,buildEmbed
FN:149,fmt
FN:162,buildComponents
FN:204,publishToChannel
FN:217,historyText
FNF:12
FNH:6
FNDA:12,isValidValue
FNDA:100,normaliseValue
FNDA:150,generateRandom
FNDA:0,setRadio
FNDA:0,notifyStickyChange
FNDA:0,setRandom
FNDA:0,swapRadios
FNDA:2,buildEmbed
FNDA:4,fmt
FNDA:1,buildComponents
FNDA:0,publishToChannel
FNDA:0,historyText
DA:1,1
DA:2,1
DA:3,1
DA:4,1
DA:5,1
DA:6,1
DA:7,1
DA:8,1
DA:9,1
DA:10,1
DA:11,1
DA:12,1
DA:13,1
DA:14,1
DA:15,1
DA:16,1
DA:17,1
DA:18,1
DA:19,1
DA:20,1
DA:21,1
DA:22,1
DA:23,1
DA:24,1
DA:25,1
DA:26,12
DA:27,12
DA:28,11
DA:29,12
DA:30,7
DA:31,12
DA:32,12
DA:33,3
DA:34,12
DA:35,1
DA:36,100
DA:37,100
DA:38,100
DA:39,1
DA:40,150
DA:41,150
DA:42,150
DA:43,150
DA:44,150
DA:45,150
DA:46,150
DA:47,150
DA:48,150
DA:49,150
DA:50,150
DA:51,150
DA:52,150
DA:53,150
DA:54,150
DA:55,0
DA:56,150
DA:57,1
DA:58,0
DA:59,0
DA:60,0
DA:61,0
DA:62,0
DA:63,0
DA:64,0
DA:65,0
DA:66,0
DA:67,0
DA:68,0
DA:69,0
DA:70,0
DA:71,0
DA:72,0
DA:73,0
DA:74,0
DA:75,0
DA:76,0
DA:77,0
DA:78,0
DA:79,0
DA:80,0
DA:81,0
DA:82,0
DA:83,0
DA:84,0
DA:85,0
DA:86,0
DA:87,0
DA:88,0
DA:89,0
DA:90,0
DA:91,0
DA:92,0
DA:93,1
DA:94,1
DA:95,1
DA:96,1
DA:97,1
DA:98,0
DA:99,0
DA:100,0
DA:101,0
DA:102,0
DA:103,0
DA:104,0
DA:105,0
DA:106,1
DA:107,0
DA:108,0
DA:109,0
DA:110,0
DA:111,0
DA:112,0
DA:113,1
DA:114,0
DA:115,0
DA:116,0
DA:117,0
DA:118,0
DA:119,0
DA:120,0
DA:121,0
DA:122,0
DA:123,0
DA:124,0
DA:125,0
DA:126,0
DA:127,0
DA:128,0
DA:129,0
DA:130,0
DA:131,0
DA:132,0
DA:133,0
DA:134,0
DA:135,0
DA:136,0
DA:137,0
DA:138,0
DA:139,0
DA:140,0
DA:141,0
DA:142,0
DA:143,0
DA:144,1
DA:145,2
DA:146,2
DA:147,2
DA:148,2
DA:149,2
DA:150,4
DA:151,4
DA:152,4
DA:153,4
DA:154,4
DA:155,2
DA:156,2
DA:157,2
DA:158,2
DA:159,2
DA:160,2
DA:161,1
DA:162,1
DA:163,1
DA:164,1
DA:165,1
DA:166,1
DA:167,1
DA:168,1
DA:169,1
DA:170,1
DA:171,1
DA:172,1
DA:173,1
DA:174,1
DA:175,1
DA:176,1
DA:177,1
DA:178,1
DA:179,1
DA:180,1
DA:181,1
DA:182,1
DA:183,1
DA:184,1
DA:185,1
DA:186,1
DA:187,1
DA:188,1
DA:189,1
DA:190,1
DA:191,1
DA:192,1
DA:193,1
DA:194,1
DA:195,1
DA:196,1
DA:197,1
DA:198,1
DA:199,1
DA:200,1
DA:201,1
DA:202,1
DA:203,1
DA:204,0
DA:205,0
DA:206,0
DA:207,0
DA:208,0
DA:209,0
DA:210,0
DA:211,0
DA:212,0
DA:213,0
DA:214,0
DA:215,0
DA:216,1
DA:217,0
DA:218,0
DA:219,0
DA:220,0
DA:221,0
DA:222,0
DA:223,0
DA:224,0
DA:225,0
DA:226,0
DA:227,0
DA:228,0
DA:229,0
DA:230,0
DA:231,1
DA:232,1
DA:233,1
DA:234,1
DA:235,1
DA:236,1
DA:237,1
DA:238,1
DA:239,1
DA:240,1
DA:241,1
DA:242,1
DA:243,1
DA:244,1
LF:244
LH:138
BRDA:1,0,0,1
BRDA:26,1,0,12
BRDA:27,2,0,11
BRDA:27,3,0,1
BRDA:28,4,0,11
BRDA:29,5,0,4
BRDA:30,6,0,7
BRDA:31,7,0,2
BRDA:32,8,0,5
BRDA:32,9,0,4
BRDA:32,10,0,2
BRDA:33,11,0,3
BRDA:36,12,0,100
BRDA:40,13,0,150
BRDA:43,14,0,0
BRDA:45,15,0,0
BRDA:55,16,0,0
BRDA:145,17,0,2
BRDA:146,18,0,1
BRDA:147,19,0,2
BRDA:149,20,0,4
BRDA:150,21,0,2
BRDA:150,22,0,2
BRDA:151,23,0,0
BRDA:152,24,0,2
BRDA:152,25,0,0
BRDA:153,26,0,1
BRDA:153,27,0,1
BRDA:162,28,0,1
BRF:29
BRH:24
end_of_record
TN:
SF:src\rankings\rankingEngine.js
FN:21,computeHybridScore
FN:42,_memberWeekStats
FN:77,computeWeeklyRankings
FN:132,getCurrentWeekRanking
FN:138,getPreviousWeekRanking
FN:146,getWeekSummary
FNF:6
FNH:1
FNDA:7,computeHybridScore
FNDA:0,_memberWeekStats
FNDA:0,computeWeeklyRankings
FNDA:0,getCurrentWeekRanking
FNDA:0,getPreviousWeekRanking
FNDA:0,getWeekSummary
DA:1,1
DA:2,1
DA:3,1
DA:4,1
DA:5,1
DA:6,1
DA:7,1
DA:8,1
DA:9,1
DA:10,1
DA:11,1
DA:12,1
DA:13,1
DA:14,1
DA:15,1
DA:16,1
DA:17,1
DA:18,1
DA:19,1
DA:20,1
DA:21,7
DA:22,7
DA:23,7
DA:24,7
DA:25,7
DA:26,7
DA:27,7
DA:28,7
DA:29,7
DA:30,7
DA:31,7
DA:32,7
DA:33,7
DA:34,7
DA:35,7
DA:36,7
DA:37,7
DA:38,7
DA:39,7
DA:40,7
DA:41,1
DA:42,0
DA:43,0
DA:44,0
DA:45,0
DA:46,0
DA:47,0
DA:48,0
DA:49,0
DA:50,0
DA:51,0
DA:52,0
DA:53,0
DA:54,0
DA:55,0
DA:56,0
DA:57,0
DA:58,0
DA:59,0
DA:60,0
DA:61,0
DA:62,0
DA:63,0
DA:64,0
DA:65,0
DA:66,0
DA:67,0
DA:68,0
DA:69,0
DA:70,0
DA:71,0
DA:72,0
DA:73,0
DA:74,0
DA:75,0
DA:76,1
DA:77,0
DA:78,0
DA:79,0
DA:80,0
DA:81,0
DA:82,0
DA:83,0
DA:84,0
DA:85,0
DA:86,0
DA:87,0
DA:88,0
DA:89,0
DA:90,0
DA:91,0
DA:92,0
DA:93,0
DA:94,0
DA:95,0
DA:96,0
DA:97,0
DA:98,0
DA:99,0
DA:100,0
DA:101,0
DA:102,0
DA:103,0
DA:104,0
DA:105,0
DA:106,0
DA:107,0
DA:108,0
DA:109,0
DA:110,0
DA:111,0
DA:112,0
DA:113,0
DA:114,0
DA:115,0
DA:116,0
DA:117,0
DA:118,0
DA:119,0
DA:120,0
DA:121,0
DA:122,0
DA:123,0
DA:124,0
DA:125,0
DA:126,0
DA:127,0
DA:128,0
DA:129,0
DA:130,0
DA:131,1
DA:132,0
DA:133,0
DA:134,0
DA:135,0
DA:136,0
DA:137,1
DA:138,0
DA:139,0
DA:140,0
DA:141,0
DA:142,0
DA:143,0
DA:144,0
DA:145,1
DA:146,0
DA:147,0
DA:148,0
DA:149,0
DA:150,0
DA:151,1
DA:152,1
DA:153,1
DA:154,1
DA:155,1
DA:156,1
DA:157,1
DA:158,1
DA:159,1
LF:159
LH:54
BRDA:1,0,0,1
BRDA:21,1,0,7
BRDA:31,2,0,4
BRDA:33,3,0,5
BRDA:34,4,0,5
BRDA:35,5,0,6
BRDA:36,6,0,6
BRDA:37,7,0,6
BRDA:38,8,0,5
BRDA:38,9,0,5
BRF:10
BRH:10
end_of_record
TN:
SF:src\repositories\monthlyRanking.js
FN:10,monthBounds
FN:20,prevMonthBounds
FN:27,saveMonthly
FN:91,getMonthly
FN:105,getMemberMonths
FN:116,upsertAllTime
FN:176,getAllTimeTop
FN:198,getAllTimeByMember
FNF:8
FNH:2
FNDA:6,monthBounds
FNDA:2,prevMonthBounds
FNDA:0,saveMonthly
FNDA:0,getMonthly
FNDA:0,getMemberMonths
FNDA:0,upsertAllTime
FNDA:0,getAllTimeTop
FNDA:0,getAllTimeByMember
DA:1,1
DA:2,1
DA:3,1
DA:4,1
DA:5,1
DA:6,1
DA:7,1
DA:8,1
DA:9,1
DA:10,6
DA:11,6
DA:12,6
DA:13,6
DA:14,6
DA:15,6
DA:16,6
DA:17,6
DA:18,6
DA:19,1
DA:20,2
DA:21,2
DA:22,2
DA:23,2
DA:24,2
DA:25,1
DA:26,1
DA:27,0
DA:28,0
DA:29,0
DA:30,0
DA:31,0
DA:32,0
DA:33,0
DA:34,0
DA:35,0
DA:36,0
DA:37,0
DA:38,0
DA:39,0
DA:40,0
DA:41,0
DA:42,0
DA:43,0
DA:44,0
DA:45,0
DA:46,0
DA:47,0
DA:48,0
DA:49,0
DA:50,0
DA:51,0
DA:52,0
DA:53,0
DA:54,0
DA:55,0
DA:56,0
DA:57,0
DA:58,0
DA:59,0
DA:60,0
DA:61,0
DA:62,0
DA:63,0
DA:64,0
DA:65,0
DA:66,0
DA:67,0
DA:68,0
DA:69,0
DA:70,0
DA:71,0
DA:72,0
DA:73,0
DA:74,0
DA:75,0
DA:76,0
DA:77,0
DA:78,0
DA:79,0
DA:80,0
DA:81,0
DA:82,0
DA:83,0
DA:84,0
DA:85,0
DA:86,0
DA:87,0
DA:88,0
DA:89,0
DA:90,1
DA:91,0
DA:92,0
DA:93,0
DA:94,0
DA:95,0
DA:96,0
DA:97,0
DA:98,0
DA:99,0
DA:100,0
DA:101,0
DA:102,0
DA:103,0
DA:104,1
DA:105,0
DA:106,0
DA:107,0
DA:108,0
DA:109,0
DA:110,0
DA:111,0
DA:112,0
DA:113,0
DA:114,1
DA:115,1
DA:116,0
DA:117,0
DA:118,0
DA:119,0
DA:120,0
DA:121,0
DA:122,0
DA:123,0
DA:124,0
DA:125,0
DA:126,0
DA:127,0
DA:128,0
DA:129,0
DA:130,0
DA:131,0
DA:132,0
DA:133,0
DA:134,0
DA:135,0
DA:136,0
DA:137,0
DA:138,0
DA:139,0
DA:140,0
DA:141,0
DA:142,0
DA:143,0
DA:144,0
DA:145,0
DA:146,0
DA:147,0
DA:148,0
DA:149,0
DA:150,0
DA:151,0
DA:152,0
DA:153,0
DA:154,0
DA:155,0
DA:156,0
DA:157,0
DA:158,0
DA:159,0
DA:160,0
DA:161,0
DA:162,0
DA:163,0
DA:164,0
DA:165,0
DA:166,0
DA:167,0
DA:168,0
DA:169,0
DA:170,0
DA:171,0
DA:172,0
DA:173,0
DA:174,0
DA:175,1
DA:176,0
DA:177,0
DA:178,0
DA:179,0
DA:180,0
DA:181,0
DA:182,0
DA:183,0
DA:184,0
DA:185,0
DA:186,0
DA:187,0
DA:188,0
DA:189,0
DA:190,0
DA:191,0
DA:192,0
DA:193,0
DA:194,0
DA:195,0
DA:196,0
DA:197,1
DA:198,0
DA:199,0
DA:200,0
DA:201,0
DA:202,1
DA:203,1
DA:204,1
DA:205,1
DA:206,1
DA:207,1
DA:208,1
DA:209,1
DA:210,1
DA:211,1
DA:212,1
LF:212
LH:43
BRDA:1,0,0,1
BRDA:10,1,0,6
BRDA:20,2,0,2
BRF:3
BRH:3
end_of_record
TN:
SF:src\saidas\saidaEngine.js
FN:29,setClient
FN:41,_notifyMovement
FN:62,createSaida
FN:132,_assertTransition
FN:145,startSaida
FN:158,cancelSaida
FN:176,closeSaida
FN:237,finalizeSaida
FN:432,getResultProgress
FN:445,reconcileSaidaMaterials
FN:460,_resolveOrCreateMember
FN:486,addParticipant
FN:550,updateParticipantResult
FN:556,registerSaidaMaterial
FN:591,getSaidaSummary
FN:615,issueMaterialToParticipant
FN:687,settleParticipantCustody
FNF:17
FNH:5
FNDA:0,setClient
FNDA:0,_notifyMovement
FNDA:0,createSaida
FNDA:15,_assertTransition
FNDA:1,startSaida
FNDA:0,cancelSaida
FNDA:1,closeSaida
FNDA:8,finalizeSaida
FNDA:0,getResultProgress
FNDA:4,reconcileSaidaMaterials
FNDA:0,_resolveOrCreateMember
FNDA:0,addParticipant
FNDA:0,updateParticipantResult
FNDA:0,registerSaidaMaterial
FNDA:0,getSaidaSummary
FNDA:0,issueMaterialToParticipant
FNDA:0,settleParticipantCustody
DA:1,3
DA:2,3
DA:3,3
DA:4,3
DA:5,3
DA:6,3
DA:7,3
DA:8,3
DA:9,3
DA:10,3
DA:11,3
DA:12,3
DA:13,3
DA:14,3
DA:15,3
DA:16,3
DA:17,3
DA:18,3
DA:19,3
DA:20,3
DA:21,3
DA:22,3
DA:23,3
DA:24,3
DA:25,3
DA:26,3
DA:27,3
DA:28,3
DA:29,0
DA:30,0
DA:31,0
DA:32,3
DA:33,3
DA:34,3
DA:35,3
DA:36,3
DA:37,3
DA:38,3
DA:39,3
DA:40,3
DA:41,0
DA:42,0
DA:43,0
DA:44,0
DA:45,0
DA:46,0
DA:47,0
DA:48,0
DA:49,0
DA:50,0
DA:51,0
DA:52,0
DA:53,0
DA:54,0
DA:55,0
DA:56,0
DA:57,0
DA:58,0
DA:59,0
DA:60,0
DA:61,3
DA:62,0
DA:63,0
DA:64,0
DA:65,0
DA:66,0
DA:67,0
DA:68,0
DA:69,0
DA:70,0
DA:71,0
DA:72,0
DA:73,0
DA:74,0
DA:75,0
DA:76,0
DA:77,0
DA:78,0
DA:79,0
DA:80,0
DA:81,0
DA:82,0
DA:83,0
DA:84,0
DA:85,0
DA:86,0
DA:87,0
DA:88,0
DA:89,0
DA:90,0
DA:91,0
DA:92,0
DA:93,0
DA:94,0
DA:95,0
DA:96,0
DA:97,0
DA:98,0
DA:99,0
DA:100,0
DA:101,0
DA:102,0
DA:103,0
DA:104,0
DA:105,0
DA:106,0
DA:107,0
DA:108,0
DA:109,0
DA:110,0
DA:111,0
DA:112,0
DA:113,0
DA:114,0
DA:115,0
DA:116,0
DA:117,0
DA:118,0
DA:119,0
DA:120,3
DA:121,3
DA:122,3
DA:123,3
DA:124,3
DA:125,3
DA:126,3
DA:127,3
DA:128,3
DA:129,3
DA:130,3
DA:131,3
DA:132,15
DA:133,15
DA:134,15
DA:135,14
DA:136,14
DA:137,14
DA:138,14
DA:139,15
DA:140,5
DA:141,5
DA:142,9
DA:143,15
DA:144,3
DA:145,1
DA:146,1
DA:147,0
DA:148,0
DA:149,0
DA:150,0
DA:151,0
DA:152,0
DA:153,0
DA:154,0
DA:155,0
DA:156,1
DA:157,3
DA:158,0
DA:159,0
DA:160,0
DA:161,0
DA:162,0
DA:163,0
DA:164,0
DA:165,0
DA:166,0
DA:167,0
DA:168,0
DA:169,3
DA:170,3
DA:171,3
DA:172,3
DA:173,3
DA:174,3
DA:175,3
DA:176,1
DA:177,1
DA:178,0
DA:179,0
DA:180,0
DA:181,0
DA:182,0
DA:183,0
DA:184,0
DA:185,0
DA:186,1
DA:187,1
DA:188,1
DA:189,1
DA:190,1
DA:191,1
DA:192,1
DA:193,1
DA:194,1
DA:195,1
DA:196,1
DA:197,1
DA:198,1
DA:199,1
DA:200,1
DA:201,0
DA:202,0
DA:203,0
DA:204,0
DA:205,0
DA:206,0
DA:207,0
DA:208,0
DA:209,0
DA:210,0
DA:211,0
DA:212,0
DA:213,0
DA:214,0
DA:215,0
DA:216,0
DA:217,0
DA:218,0
DA:219,0
DA:220,0
DA:221,0
DA:222,0
DA:223,0
DA:224,0
DA:225,0
DA:226,0
DA:227,0
DA:228,0
DA:229,1
DA:230,3
DA:231,3
DA:232,3
DA:233,3
DA:234,3
DA:235,3
DA:236,3
DA:237,8
DA:238,8
DA:239,8
DA:240,8
DA:241,8
DA:242,8
DA:243,8
DA:244,8
DA:245,8
DA:246,8
DA:247,8
DA:248,8
DA:249,8
DA:250,8
DA:251,8
DA:252,8
DA:253,8
DA:254,8
DA:255,8
DA:256,8
DA:257,8
DA:258,8
DA:259,8
DA:260,8
DA:261,8
DA:262,8
DA:263,8
DA:264,8
DA:265,8
DA:266,10
DA:267,10
DA:268,10
DA:269,10
DA:270,10
DA:271,10
DA:272,10
DA:273,10
DA:274,10
DA:275,10
DA:276,10
DA:277,8
DA:278,8
DA:279,8
DA:280,8
DA:281,8
DA:282,8
DA:283,8
DA:284,8
DA:285,8
DA:286,8
DA:287,8
DA:288,8
DA:289,8
DA:290,8
DA:291,8
DA:292,8
DA:293,8
DA:294,8
DA:295,8
DA:296,8
DA:297,8
DA:298,8
DA:299,8
DA:300,8
DA:301,8
DA:302,8
DA:303,8
DA:304,8
DA:305,8
DA:306,8
DA:307,8
DA:308,8
DA:309,8
DA:310,8
DA:311,5
DA:312,5
DA:313,5
DA:314,5
DA:315,5
DA:316,5
DA:317,5
DA:318,5
DA:319,5
DA:320,5
DA:321,5
DA:322,5
DA:323,5
DA:324,5
DA:325,5
DA:326,5
DA:327,8
DA:328,8
DA:329,8
DA:330,10
DA:331,10
DA:332,10
DA:333,10
DA:334,10
DA:335,10
DA:336,10
DA:337,10
DA:338,10
DA:339,10
DA:340,10
DA:341,10
DA:342,10
DA:343,10
DA:344,8
DA:345,8
DA:346,8
DA:347,8
DA:348,8
DA:349,8
DA:350,8
DA:351,8
DA:352,8
DA:353,8
DA:354,8
DA:355,8
DA:356,8
DA:357,8
DA:358,8
DA:359,8
DA:360,8
DA:361,8
DA:362,8
DA:363,8
DA:364,8
DA:365,8
DA:366,8
DA:367,8
DA:368,8
DA:369,8
DA:370,8
DA:371,8
DA:372,8
DA:373,8
DA:374,8
DA:375,8
DA:376,8
DA:377,8
DA:378,8
DA:379,8
DA:380,8
DA:381,8
DA:382,0
DA:383,0
DA:384,0
DA:385,8
DA:386,8
DA:387,8
DA:388,8
DA:389,8
DA:390,8
DA:391,8
DA:392,8
DA:393,8
DA:394,8
DA:395,8
DA:396,8
DA:397,8
DA:398,8
DA:399,8
DA:400,8
DA:401,8
DA:402,8
DA:403,8
DA:404,8
DA:405,8
DA:406,8
DA:407,8
DA:408,8
DA:409,8
DA:410,8
DA:411,8
DA:412,8
DA:413,8
DA:414,8
DA:415,8
DA:416,8
DA:417,8
DA:418,8
DA:419,8
DA:420,8
DA:421,8
DA:422,8
DA:423,8
DA:424,8
DA:425,8
DA:426,8
DA:427,3
DA:428,3
DA:429,3
DA:430,3
DA:431,3
DA:432,0
DA:433,0
DA:434,0
DA:435,0
DA:436,0
DA:437,0
DA:438,0
DA:439,0
DA:440,0
DA:441,0
DA:442,0
DA:443,0
DA:444,3
DA:445,4
DA:446,4
DA:447,4
DA:448,4
DA:449,4
DA:450,4
DA:451,4
DA:452,4
DA:453,4
DA:454,4
DA:455,4
DA:456,4
DA:457,4
DA:458,4
DA:459,3
DA:460,0
DA:461,0
DA:462,0
DA:463,0
DA:464,0
DA:465,0
DA:466,0
DA:467,0
DA:468,0
DA:469,0
DA:470,0
DA:471,0
DA:472,0
DA:473,0
DA:474,0
DA:475,0
DA:476,0
DA:477,0
DA:478,0
DA:479,0
DA:480,0
DA:481,3
DA:482,3
DA:483,3
DA:484,3
DA:485,3
DA:486,0
DA:487,0
DA:488,0
DA:489,0
DA:490,0
DA:491,0
DA:492,0
DA:493,0
DA:494,0
DA:495,0
DA:496,0
DA:497,0
DA:498,0
DA:499,0
DA:500,0
DA:501,0
DA:502,0
DA:503,0
DA:504,0
DA:505,0
DA:506,0
DA:507,0
DA:508,0
DA:509,0
DA:510,0
DA:511,0
DA:512,0
DA:513,0
DA:514,0
DA:515,0
DA:516,0
DA:517,0
DA:518,0
DA:519,0
DA:520,0
DA:521,0
DA:522,0
DA:523,0
DA:524,0
DA:525,0
DA:526,0
DA:527,0
DA:528,0
DA:529,0
DA:530,0
DA:531,0
DA:532,0
DA:533,0
DA:534,0
DA:535,0
DA:536,0
DA:537,0
DA:538,0
DA:539,0
DA:540,0
DA:541,0
DA:542,0
DA:543,0
DA:544,0
DA:545,0
DA:546,0
DA:547,0
DA:548,0
DA:549,3
DA:550,0
DA:551,0
DA:552,0
DA:553,0
DA:554,0
DA:555,3
DA:556,0
DA:557,0
DA:558,0
DA:559,0
DA:560,0
DA:561,0
DA:562,0
DA:563,0
DA:564,0
DA:565,0
DA:566,0
DA:567,0
DA:568,0
DA:569,0
DA:570,0
DA:571,0
DA:572,0
DA:573,0
DA:574,0
DA:575,0
DA:576,0
DA:577,0
DA:578,0
DA:579,0
DA:580,0
DA:581,0
DA:582,0
DA:583,0
DA:584,0
DA:585,0
DA:586,0
DA:587,0
DA:588,0
DA:589,0
DA:590,3
DA:591,0
DA:592,0
DA:593,0
DA:594,0
DA:595,0
DA:596,0
DA:597,0
DA:598,0
DA:599,0
DA:600,0
DA:601,0
DA:602,0
DA:603,0
DA:604,0
DA:605,0
DA:606,0
DA:607,0
DA:608,0
DA:609,0
DA:610,3
DA:611,3
DA:612,3
DA:613,3
DA:614,3
DA:615,0
DA:616,0
DA:617,0
DA:618,0
DA:619,0
DA:620,0
DA:621,0
DA:622,0
DA:623,0
DA:624,0
DA:625,0
DA:626,0
DA:627,0
DA:628,0
DA:629,0
DA:630,0
DA:631,0
DA:632,0
DA:633,0
DA:634,0
DA:635,0
DA:636,0
DA:637,0
DA:638,0
DA:639,0
DA:640,0
DA:641,0
DA:642,0
DA:643,0
DA:644,0
DA:645,0
DA:646,0
DA:647,0
DA:648,0
DA:649,0
DA:650,0
DA:651,0
DA:652,0
DA:653,0
DA:654,0
DA:655,0
DA:656,0
DA:657,0
DA:658,0
DA:659,0
DA:660,0
DA:661,0
DA:662,0
DA:663,0
DA:664,0
DA:665,0
DA:666,0
DA:667,0
DA:668,0
DA:669,0
DA:670,0
DA:671,0
DA:672,0
DA:673,0
DA:674,0
DA:675,0
DA:676,0
DA:677,0
DA:678,0
DA:679,0
DA:680,0
DA:681,0
DA:682,0
DA:683,0
DA:684,0
DA:685,0
DA:686,3
DA:687,0
DA:688,0
DA:689,0
DA:690,0
DA:691,0
DA:692,0
DA:693,0
DA:694,0
DA:695,0
DA:696,0
DA:697,0
DA:698,0
DA:699,0
DA:700,0
DA:701,0
DA:702,0
DA:703,0
DA:704,0
DA:705,0
DA:706,0
DA:707,0
DA:708,0
DA:709,0
DA:710,0
DA:711,0
DA:712,0
DA:713,0
DA:714,0
DA:715,0
DA:716,0
DA:717,0
DA:718,0
DA:719,0
DA:720,0
DA:721,0
DA:722,0
DA:723,0
DA:724,0
DA:725,0
DA:726,0
DA:727,0
DA:728,0
DA:729,0
DA:730,0
DA:731,0
DA:732,0
DA:733,0
DA:734,0
DA:735,0
DA:736,0
DA:737,0
DA:738,0
DA:739,0
DA:740,0
DA:741,0
DA:742,0
DA:743,0
DA:744,0
DA:745,0
DA:746,0
DA:747,0
DA:748,0
DA:749,0
DA:750,0
DA:751,0
DA:752,0
DA:753,0
DA:754,0
DA:755,0
DA:756,0
DA:757,0
DA:758,0
DA:759,0
DA:760,0
DA:761,0
DA:762,0
DA:763,0
DA:764,0
DA:765,0
DA:766,0
DA:767,0
DA:768,0
DA:769,0
DA:770,0
DA:771,0
DA:772,0
DA:773,0
DA:774,0
DA:775,0
DA:776,0
DA:777,0
DA:778,0
DA:779,0
DA:780,0
DA:781,0
DA:782,0
DA:783,0
DA:784,0
DA:785,0
DA:786,0
DA:787,0
DA:788,0
DA:789,0
DA:790,0
DA:791,0
DA:792,0
DA:793,0
DA:794,0
DA:795,0
DA:796,0
DA:797,0
DA:798,0
DA:799,0
DA:800,0
DA:801,0
DA:802,0
DA:803,0
DA:804,3
DA:805,3
DA:806,3
DA:807,3
DA:808,3
DA:809,3
DA:810,3
DA:811,3
DA:812,3
DA:813,3
DA:814,3
DA:815,3
DA:816,3
DA:817,3
DA:818,3
DA:819,3
DA:820,3
DA:821,3
DA:822,3
DA:823,3
LF:823
LH:341
BRDA:1,0,0,3
BRDA:132,1,0,15
BRDA:134,2,0,1
BRDA:135,3,0,14
BRDA:139,4,0,5
BRDA:142,5,0,9
BRDA:145,6,0,1
BRDA:147,7,0,0
BRDA:176,8,0,1
BRDA:178,9,0,0
BRDA:187,10,0,0
BRDA:188,11,0,0
BRDA:189,12,0,0
BRDA:190,13,0,0
BRDA:191,14,0,0
BRDA:192,15,0,0
BRDA:193,16,0,0
BRDA:194,17,0,0
BRDA:195,18,0,0
BRDA:196,19,0,0
BRDA:201,20,0,0
BRDA:237,21,0,8
BRDA:244,22,0,0
BRDA:245,23,0,0
BRDA:246,24,0,5
BRDA:246,25,0,3
BRDA:247,26,0,4
BRDA:247,27,0,6
BRDA:260,28,0,2
BRDA:265,29,0,10
BRDA:305,30,0,0
BRDA:310,31,0,5
BRDA:315,32,0,0
BRDA:323,33,0,3
BRDA:323,34,0,2
BRDA:329,35,0,10
BRDA:333,36,0,0
BRDA:346,37,0,4
BRDA:347,38,0,4
BRDA:348,39,0,5
BRDA:348,40,0,4
BRDA:349,41,0,4
BRDA:349,42,0,6
BRDA:371,43,0,4
BRDA:373,44,0,2
BRDA:373,45,0,6
BRDA:381,46,0,0
BRDA:405,47,0,4
BRDA:405,48,0,4
BRDA:253,49,0,10
BRDA:253,50,0,5
BRDA:254,51,0,10
BRDA:255,52,0,10
BRDA:279,53,0,10
BRDA:280,54,0,10
BRDA:311,55,0,6
BRDA:371,56,0,7
BRDA:405,57,0,7
BRDA:445,58,0,4
BRDA:447,59,0,3
BRDA:447,60,0,1
BRDA:448,61,0,3
BRDA:448,62,0,1
BRDA:449,63,0,1
BRDA:449,64,0,3
BRDA:450,65,0,1
BRDA:450,66,0,3
BRF:67
BRH:48
end_of_record
TN:
SF:src\saidas\saidaScoring.js
FN:26,computeSaidaScores
FNF:1
FNH:1
FNDA:13,computeSaidaScores
DA:1,3
DA:2,3
DA:3,3
DA:4,3
DA:5,3
DA:6,3
DA:7,3
DA:8,3
DA:9,3
DA:10,3
DA:11,3
DA:12,3
DA:13,3
DA:14,3
DA:15,3
DA:16,3
DA:17,3
DA:18,3
DA:19,3
DA:20,3
DA:21,3
DA:22,3
DA:23,3
DA:24,3
DA:25,3
DA:26,13
DA:27,13
DA:28,13
DA:29,13
DA:30,13
DA:31,17
DA:32,17
DA:33,17
DA:34,17
DA:35,17
DA:36,17
DA:37,17
DA:38,17
DA:39,17
DA:40,17
DA:41,17
DA:42,17
DA:43,17
DA:44,17
DA:45,17
DA:46,17
DA:47,17
DA:48,17
DA:49,17
DA:50,17
DA:51,17
DA:52,17
DA:53,17
DA:54,17
DA:55,14
DA:56,17
DA:57,3
DA:58,3
DA:59,17
DA:60,17
DA:61,17
DA:62,17
DA:63,17
DA:64,17
DA:65,17
DA:66,17
DA:67,17
DA:68,17
DA:69,17
DA:70,17
DA:71,17
DA:72,17
DA:73,17
DA:74,17
DA:75,13
DA:76,13
DA:77,13
DA:78,13
DA:79,13
DA:80,7
DA:81,7
DA:82,7
DA:83,7
DA:84,7
DA:85,13
DA:86,13
DA:87,13
DA:88,3
DA:89,3
LF:89
LH:89
BRDA:1,0,0,3
BRDA:26,1,0,13
BRDA:79,2,0,7
BRDA:30,3,0,17
BRDA:31,4,0,9
BRDA:32,5,0,7
BRDA:32,6,0,10
BRDA:34,7,0,10
BRDA:36,8,0,3
BRDA:37,9,0,8
BRDA:38,10,0,10
BRDA:39,11,0,16
BRDA:46,12,0,10
BRDA:47,13,0,7
BRDA:48,14,0,12
BRDA:49,15,0,4
BRDA:49,16,0,4
BRDA:54,17,0,14
BRDA:56,18,0,3
BRDA:78,19,0,17
BRDA:78,20,0,9
BRDA:78,21,0,4
BRDA:80,22,0,5
BRDA:82,23,0,8
BRF:24
BRH:24
end_of_record
TN:
SF:src\shared\embedBuilders.js
FN:13,brandEmbed
FN:28,formatDelta
FN:51,deltaField
FN:69,progressBar
FN:81,rankBadge
FN:92,streakBadge
FN:102,trendArrow
FN:111,sectionDivider
FN:117,applyLogo
FN:122,successEmbed
FN:128,errorEmbed
FN:135,infoEmbed
FN:141,stockEmbed
FN:168,operationEmbed
FN:187,rankingEmbed
FN:216,memberProfileEmbed
FN:226,welcomeChannelEmbed
FNF:17
FNH:1
FNDA:7,brandEmbed
FNDA:0,formatDelta
FNDA:0,deltaField
FNDA:0,progressBar
FNDA:0,rankBadge
FNDA:0,streakBadge
FNDA:0,trendArrow
FNDA:0,sectionDivider
FNDA:0,applyLogo
FNDA:0,successEmbed
FNDA:0,errorEmbed
FNDA:0,infoEmbed
FNDA:0,stockEmbed
FNDA:0,operationEmbed
FNDA:0,rankingEmbed
FNDA:0,memberProfileEmbed
FNDA:0,welcomeChannelEmbed
DA:1,3
DA:2,3
DA:3,3
DA:4,3
DA:5,3
DA:6,3
DA:7,3
DA:8,3
DA:9,3
DA:10,3
DA:11,3
DA:12,3
DA:13,7
DA:14,7
DA:15,7
DA:16,3
DA:17,3
DA:18,3
DA:19,3
DA:20,3
DA:21,3
DA:22,3
DA:23,3
DA:24,3
DA:25,3
DA:26,3
DA:27,3
DA:28,0
DA:29,0
DA:30,0
DA:31,0
DA:32,0
DA:33,0
DA:34,0
DA:35,0
DA:36,0
DA:37,0
DA:38,0
DA:39,0
DA:40,0
DA:41,0
DA:42,0
DA:43,3
DA:44,3
DA:45,3
DA:46,3
DA:47,3
DA:48,3
DA:49,3
DA:50,3
DA:51,0
DA:52,0
DA:53,0
DA:54,0
DA:55,0
DA:56,0
DA:57,0
DA:58,0
DA:59,0
DA:60,0
DA:61,0
DA:62,3
DA:63,3
DA:64,3
DA:65,3
DA:66,3
DA:67,3
DA:68,3
DA:69,0
DA:70,0
DA:71,0
DA:72,0
DA:73,0
DA:74,0
DA:75,0
DA:76,3
DA:77,3
DA:78,3
DA:79,3
DA:80,3
DA:81,0
DA:82,0
DA:83,0
DA:84,0
DA:85,0
DA:86,0
DA:87,3
DA:88,3
DA:89,3
DA:90,3
DA:91,3
DA:92,0
DA:93,0
DA:94,0
DA:95,0
DA:96,0
DA:97,0
DA:98,3
DA:99,3
DA:100,3
DA:101,3
DA:102,0
DA:103,0
DA:104,0
DA:105,0
DA:106,0
DA:107,3
DA:108,3
DA:109,3
DA:110,3
DA:111,0
DA:112,0
DA:113,0
DA:114,3
DA:115,3
DA:116,3
DA:117,0
DA:118,0
DA:119,0
DA:120,0
DA:121,3
DA:122,0
DA:123,0
DA:124,0
DA:125,0
DA:126,0
DA:127,3
DA:128,0
DA:129,0
DA:130,0
DA:131,0
DA:132,0
DA:133,0
DA:134,3
DA:135,0
DA:136,0
DA:137,0
DA:138,0
DA:139,0
DA:140,3
DA:141,0
DA:142,0
DA:143,0
DA:144,0
DA:145,0
DA:146,0
DA:147,0
DA:148,0
DA:149,0
DA:150,0
DA:151,0
DA:152,0
DA:153,0
DA:154,0
DA:155,0
DA:156,0
DA:157,0
DA:158,0
DA:159,0
DA:160,0
DA:161,0
DA:162,0
DA:163,0
DA:164,0
DA:165,0
DA:166,0
DA:167,3
DA:168,0
DA:169,0
DA:170,0
DA:171,0
DA:172,0
DA:173,0
DA:174,0
DA:175,0
DA:176,0
DA:177,0
DA:178,0
DA:179,0
DA:180,0
DA:181,0
DA:182,0
DA:183,0
DA:184,0
DA:185,0
DA:186,3
DA:187,0
DA:188,0
DA:189,0
DA:190,0
DA:191,0
DA:192,0
DA:193,0
DA:194,0
DA:195,0
DA:196,0
DA:197,0
DA:198,0
DA:199,0
DA:200,0
DA:201,0
DA:202,0
DA:203,0
DA:204,0
DA:205,0
DA:206,0
DA:207,0
DA:208,0
DA:209,0
DA:210,0
DA:211,0
DA:212,0
DA:213,0
DA:214,0
DA:215,3
DA:216,0
DA:217,0
DA:218,0
DA:219,0
DA:220,0
DA:221,0
DA:222,0
DA:223,0
DA:224,0
DA:225,3
DA:226,0
DA:227,0
DA:228,0
DA:229,0
DA:230,0
DA:231,3
DA:232,3
DA:233,3
DA:234,3
DA:235,3
DA:236,3
DA:237,3
DA:238,3
DA:239,3
DA:240,3
DA:241,3
DA:242,3
DA:243,3
DA:244,3
DA:245,3
DA:246,3
DA:247,3
DA:248,3
DA:249,3
DA:250,3
DA:251,3
LF:251
LH:92
BRDA:1,0,0,3
BRDA:13,1,0,7
BRF:2
BRH:2
end_of_record
TN:
SF:src\shared\formatPtDate.js
FN:20,toDate
FN:46,_extract
FN:57,formatPtDate
FN:67,formatPtDateOnly
FN:78,discordRelative
FN:88,discordLong
FNF:6
FNH:4
FNDA:13,toDate
FNDA:9,_extract
FNDA:12,formatPtDate
FNDA:1,formatPtDateOnly
FNDA:0,discordRelative
FNDA:0,discordLong
DA:1,4
DA:2,4
DA:3,4
DA:4,4
DA:5,4
DA:6,4
DA:7,4
DA:8,4
DA:9,4
DA:10,4
DA:11,4
DA:12,4
DA:13,4
DA:14,4
DA:15,4
DA:16,4
DA:17,4
DA:18,4
DA:19,4
DA:20,13
DA:21,13
DA:22,13
DA:23,3
DA:24,13
DA:25,13
DA:26,4
DA:27,4
DA:28,4
DA:29,4
DA:30,4
DA:31,4
DA:32,4
DA:33,4
DA:34,4
DA:35,4
DA:36,4
DA:37,4
DA:38,4
DA:39,4
DA:40,4
DA:41,4
DA:42,4
DA:43,4
DA:44,4
DA:45,4
DA:46,9
DA:47,9
DA:48,9
DA:49,9
DA:50,9
DA:51,9
DA:52,4
DA:53,4
DA:54,4
DA:55,4
DA:56,4
DA:57,12
DA:58,12
DA:59,12
DA:60,8
DA:61,8
DA:62,12
DA:63,4
DA:64,4
DA:65,4
DA:66,4
DA:67,1
DA:68,1
DA:69,1
DA:70,1
DA:71,1
DA:72,1
DA:73,4
DA:74,4
DA:75,4
DA:76,4
DA:77,4
DA:78,0
DA:79,0
DA:80,0
DA:81,0
DA:82,0
DA:83,4
DA:84,4
DA:85,4
DA:86,4
DA:87,4
DA:88,0
DA:89,0
DA:90,0
DA:91,0
DA:92,0
DA:93,4
DA:94,4
DA:95,4
DA:96,4
DA:97,4
DA:98,4
DA:99,4
LF:99
LH:89
BRDA:1,0,0,4
BRDA:20,1,0,13
BRDA:21,2,0,3
BRDA:22,3,0,10
BRDA:22,4,0,7
BRDA:22,5,0,0
BRDA:23,6,0,9
BRDA:23,7,0,3
BRDA:24,8,0,1
BRDA:24,9,0,2
BRDA:46,10,0,9
BRDA:49,11,0,77
BRDA:57,12,0,12
BRDA:59,13,0,8
BRDA:59,14,0,4
BRDA:67,15,0,1
BRDA:69,16,0,0
BRF:17
BRH:15
end_of_record
TN:
SF:src\shared\inputValidators.js
FN:25,sanitizeText
FN:36,validateText
FN:43,validateInt
FN:56,validateFloat
FN:69,validateYesNo
FN:80,validateDate
FN:94,validateTime
FN:108,validateEnum
FN:125,runAll
FNF:9
FNH:8
FNDA:12,sanitizeText
FNDA:5,validateText
FNDA:7,validateInt
FNDA:0,validateFloat
FNDA:6,validateYesNo
FNDA:3,validateDate
FNDA:4,validateTime
FNDA:2,validateEnum
FNDA:2,runAll
DA:1,1
DA:2,1
DA:3,1
DA:4,1
DA:5,1
DA:6,1
DA:7,1
DA:8,1
DA:9,1
DA:10,1
DA:11,1
DA:12,1
DA:13,1
DA:14,1
DA:15,1
DA:16,1
DA:17,1
DA:18,1
DA:19,1
DA:20,1
DA:21,1
DA:22,1
DA:23,1
DA:24,1
DA:25,12
DA:26,12
DA:27,10
DA:28,12
DA:29,10
DA:30,10
DA:31,10
DA:32,12
DA:33,10
DA:34,12
DA:35,1
DA:36,5
DA:37,5
DA:38,5
DA:39,5
DA:40,2
DA:41,5
DA:42,1
DA:43,7
DA:44,7
DA:45,7
DA:46,1
DA:47,1
DA:48,1
DA:49,6
DA:50,7
DA:51,7
DA:52,7
DA:53,2
DA:54,7
DA:55,1
DA:56,0
DA:57,0
DA:58,0
DA:59,0
DA:60,0
DA:61,0
DA:62,0
DA:63,0
DA:64,0
DA:65,0
DA:66,0
DA:67,0
DA:68,1
DA:69,6
DA:70,6
DA:71,6
DA:72,0
DA:73,0
DA:74,0
DA:75,6
DA:76,6
DA:77,1
DA:78,6
DA:79,1
DA:80,3
DA:81,3
DA:82,3
DA:83,0
DA:84,0
DA:85,0
DA:86,3
DA:87,3
DA:88,3
DA:89,2
DA:90,3
DA:91,1
DA:92,3
DA:93,1
DA:94,4
DA:95,4
DA:96,4
DA:97,0
DA:98,0
DA:99,0
DA:100,4
DA:101,4
DA:102,4
DA:103,4
DA:104,4
DA:105,2
DA:106,4
DA:107,1
DA:108,2
DA:109,2
DA:110,2
DA:111,0
DA:112,0
DA:113,0
DA:114,2
DA:115,1
DA:116,2
DA:117,1
DA:118,1
DA:119,1
DA:120,1
DA:121,1
DA:122,1
DA:123,1
DA:124,1
DA:125,2
DA:126,2
DA:127,2
DA:128,4
DA:129,4
DA:130,2
DA:131,2
DA:132,2
DA:133,2
DA:134,2
DA:135,2
DA:136,4
DA:137,2
DA:138,2
DA:139,1
DA:140,1
DA:141,1
DA:142,1
DA:143,1
DA:144,1
DA:145,1
DA:146,1
DA:147,1
DA:148,1
DA:149,1
DA:150,1
DA:151,1
DA:152,1
LF:152
LH:128
BRDA:1,0,0,1
BRDA:25,1,0,12
BRDA:26,2,0,11
BRDA:26,3,0,2
BRDA:27,4,0,10
BRDA:28,5,0,30
BRDA:29,6,0,10
BRDA:32,7,0,1
BRDA:33,8,0,10
BRDA:36,9,0,5
BRDA:38,10,0,3
BRDA:38,11,0,2
BRDA:39,12,0,3
BRDA:39,13,0,1
BRDA:40,14,0,2
BRDA:43,15,0,7
BRDA:44,16,0,0
BRDA:45,17,0,1
BRDA:46,18,0,0
BRDA:49,19,0,6
BRDA:50,20,0,2
BRDA:51,21,0,4
BRDA:51,22,0,3
BRDA:51,23,0,1
BRDA:52,24,0,3
BRDA:52,25,0,1
BRDA:53,26,0,2
BRDA:69,27,0,6
BRDA:70,28,0,0
BRDA:71,29,0,0
BRDA:75,30,0,2
BRDA:76,31,0,4
BRDA:76,32,0,3
BRDA:77,33,0,1
BRDA:80,34,0,3
BRDA:81,35,0,0
BRDA:82,36,0,0
BRDA:88,37,0,1
BRDA:89,38,0,2
BRDA:90,39,0,1
BRDA:94,40,0,4
BRDA:95,41,0,0
BRDA:96,42,0,0
BRDA:101,43,0,0
BRDA:104,44,0,3
BRDA:104,45,0,2
BRDA:108,46,0,2
BRDA:109,47,0,0
BRDA:110,48,0,0
BRDA:114,49,0,1
BRDA:125,50,0,2
BRDA:127,51,0,4
BRDA:128,52,0,0
BRDA:129,53,0,2
BRDA:132,54,0,1
BRF:55
BRH:43
end_of_record
TN:
SF:src\shared\messagePolicy.js
FN:69,ttlForClass
FN:73,autoDeletes
FN:77,locksOnExpire
FN:85,classFromLegacyOpts
FNF:4
FNH:4
FNDA:1,ttlForClass
FNDA:4,autoDeletes
FNDA:3,locksOnExpire
FNDA:5,classFromLegacyOpts
DA:1,1
DA:2,1
DA:3,1
DA:4,1
DA:5,1
DA:6,1
DA:7,1
DA:8,1
DA:9,1
DA:10,1
DA:11,1
DA:12,1
DA:13,1
DA:14,1
DA:15,1
DA:16,1
DA:17,1
DA:18,1
DA:19,1
DA:20,1
DA:21,1
DA:22,1
DA:23,1
DA:24,1
DA:25,1
DA:26,1
DA:27,1
DA:28,1
DA:29,1
DA:30,1
DA:31,1
DA:32,1
DA:33,1
DA:34,1
DA:35,1
DA:36,1
DA:37,1
DA:38,1
DA:39,1
DA:40,1
DA:41,1
DA:42,1
DA:43,1
DA:44,1
DA:45,1
DA:46,1
DA:47,1
DA:48,1
DA:49,1
DA:50,1
DA:51,1
DA:52,1
DA:53,1
DA:54,1
DA:55,1
DA:56,1
DA:57,1
DA:58,1
DA:59,1
DA:60,1
DA:61,1
DA:62,1
DA:63,1
DA:64,1
DA:65,1
DA:66,1
DA:67,1
DA:68,1
DA:69,1
DA:70,1
DA:71,1
DA:72,1
DA:73,4
DA:74,4
DA:75,4
DA:76,1
DA:77,3
DA:78,3
DA:79,3
DA:80,1
DA:81,1
DA:82,1
DA:83,1
DA:84,1
DA:85,5
DA:86,5
DA:87,5
DA:88,5
DA:89,3
DA:90,5
DA:91,5
DA:92,5
DA:93,5
DA:94,1
DA:95,5
DA:96,1
DA:97,1
DA:98,1
DA:99,1
DA:100,1
DA:101,1
DA:102,1
DA:103,1
DA:104,1
DA:105,1
LF:105
LH:105
BRDA:1,0,0,1
BRDA:69,1,0,1
BRDA:73,2,0,4
BRDA:74,3,0,0
BRDA:77,4,0,3
BRDA:85,5,0,5
BRDA:86,6,0,0
BRDA:86,7,0,0
BRDA:87,8,0,1
BRDA:88,9,0,4
BRDA:88,10,0,1
BRDA:89,11,0,3
BRDA:90,12,0,1
BRDA:91,13,0,3
BRDA:91,14,0,1
BRDA:92,15,0,1
BRDA:93,16,0,2
BRDA:93,17,0,1
BRF:18
BRH:15
end_of_record
TN:
SF:src\shared\rateLimiter.js
FN:23,_ensureCleanup
FN:42,allow
FN:64,retryAfter
FN:71,denyMessage
FN:80,_reset
FNF:5
FNH:5
FNDA:15,_ensureCleanup
FNDA:15,allow
FNDA:1,retryAfter
FNDA:2,denyMessage
FNDA:7,_reset
DA:1,1
DA:2,1
DA:3,1
DA:4,1
DA:5,1
DA:6,1
DA:7,1
DA:8,1
DA:9,1
DA:10,1
DA:11,1
DA:12,1
DA:13,1
DA:14,1
DA:15,1
DA:16,1
DA:17,1
DA:18,1
DA:19,1
DA:20,1
DA:21,1
DA:22,1
DA:23,15
DA:24,15
DA:25,1
DA:26,0
DA:27,0
DA:28,0
DA:29,0
DA:30,1
DA:31,1
DA:32,15
DA:33,1
DA:34,1
DA:35,1
DA:36,1
DA:37,1
DA:38,1
DA:39,1
DA:40,1
DA:41,1
DA:42,15
DA:43,15
DA:44,15
DA:45,15
DA:46,15
DA:47,15
DA:48,9
DA:49,9
DA:50,9
DA:51,15
DA:52,5
DA:53,5
DA:54,5
DA:55,5
DA:56,5
DA:57,1
DA:58,1
DA:59,15
DA:60,1
DA:61,1
DA:62,1
DA:63,1
DA:64,1
DA:65,1
DA:66,1
DA:67,1
DA:68,1
DA:69,1
DA:70,1
DA:71,2
DA:72,2
DA:73,1
DA:74,1
DA:75,1
DA:76,1
DA:77,2
DA:78,1
DA:79,1
DA:80,7
DA:81,7
DA:82,7
DA:83,1
DA:84,1
LF:84
LH:80
BRDA:1,0,0,1
BRDA:23,1,0,15
BRDA:24,2,0,14
BRDA:25,3,0,1
BRDA:42,4,0,15
BRDA:47,5,0,7
BRDA:47,6,0,9
BRDA:51,7,0,6
BRDA:51,8,0,5
BRDA:54,9,0,0
BRDA:57,10,0,1
BRDA:64,11,0,1
BRDA:67,12,0,0
BRDA:71,13,0,2
BRDA:72,14,0,1
BRDA:72,15,0,1
BRDA:80,16,0,7
BRF:17
BRH:15
end_of_record
TN:
SF:src\shared\requestContext.js
FN:17,run
FN:28,current
FN:32,correlationId
FN:37,actorId
FN:42,elapsed
FN:48,tag
FNF:6
FNH:6
FNDA:8,run
FNDA:10,current
FNDA:7,correlationId
FNDA:1,actorId
FNDA:1,elapsed
FNDA:1,tag
DA:1,1
DA:2,1
DA:3,1
DA:4,1
DA:5,1
DA:6,1
DA:7,1
DA:8,1
DA:9,1
DA:10,1
DA:11,1
DA:12,1
DA:13,1
DA:14,1
DA:15,1
DA:16,1
DA:17,8
DA:18,8
DA:19,8
DA:20,8
DA:21,8
DA:22,8
DA:23,8
DA:24,8
DA:25,8
DA:26,8
DA:27,1
DA:28,10
DA:29,10
DA:30,10
DA:31,1
DA:32,7
DA:33,7
DA:34,7
DA:35,7
DA:36,1
DA:37,1
DA:38,1
DA:39,1
DA:40,1
DA:41,1
DA:42,1
DA:43,1
DA:44,1
DA:45,1
DA:46,1
DA:47,1
DA:48,1
DA:49,1
DA:50,1
DA:51,1
DA:52,1
DA:53,1
LF:53
LH:53
BRDA:1,0,0,1
BRDA:17,1,0,8
BRDA:19,2,0,3
BRDA:20,3,0,0
BRDA:21,4,0,7
BRDA:28,5,0,10
BRDA:29,6,0,2
BRDA:32,7,0,7
BRDA:34,8,0,6
BRDA:34,9,0,1
BRDA:37,10,0,1
BRDA:39,11,0,0
BRDA:42,12,0,1
BRDA:44,13,0,0
BRDA:48,14,0,1
BRDA:50,15,0,0
BRF:16
BRH:12
end_of_record
TN:
SF:src\shared\sessionStore.js
FN:24,createSessionStore
FN:46,set
FN:49,get
FN:52,delete
FN:55,has
FN:58,size
FN:61,clear
FN:66,_stopSweeper
FNF:8
FNH:8
FNDA:8,createSessionStore
FNDA:8,set
FNDA:4,get
FNDA:1,delete
FNDA:2,has
FNDA:3,size
FNDA:1,clear
FNDA:5,_stopSweeper
DA:1,1
DA:2,1
DA:3,1
DA:4,1
DA:5,1
DA:6,1
DA:7,1
DA:8,1
DA:9,1
DA:10,1
DA:11,1
DA:12,1
DA:13,1
DA:14,1
DA:15,1
DA:16,1
DA:17,1
DA:18,1
DA:19,1
DA:20,1
DA:21,1
DA:22,1
DA:23,1
DA:24,8
DA:25,8
DA:26,8
DA:27,5
DA:28,5
DA:29,5
DA:30,5
DA:31,0
DA:32,0
DA:33,0
DA:34,0
DA:35,0
DA:36,0
DA:37,0
DA:38,0
DA:39,0
DA:40,5
DA:41,5
DA:42,5
DA:43,5
DA:44,5
DA:45,5
DA:46,5
DA:47,8
DA:48,5
DA:49,5
DA:50,4
DA:51,5
DA:52,5
DA:53,1
DA:54,5
DA:55,5
DA:56,2
DA:57,5
DA:58,5
DA:59,3
DA:60,5
DA:61,5
DA:62,1
DA:63,5
DA:64,5
DA:65,5
DA:66,5
DA:67,5
DA:68,5
DA:69,5
DA:70,8
DA:71,1
DA:72,1
LF:72
LH:63
BRDA:1,0,0,1
BRDA:24,1,0,8
BRDA:25,2,0,1
BRDA:26,3,0,7
BRDA:26,4,0,6
BRDA:26,5,0,2
BRDA:27,6,0,5
BRDA:46,7,0,8
BRDA:49,8,0,4
BRDA:52,9,0,1
BRDA:55,10,0,2
BRDA:58,11,0,3
BRDA:61,12,0,1
BRDA:66,13,0,5
BRF:14
BRH:14
end_of_record
TN:
SF:src\shared\ui\buttons.js
FN:18,buttonFromDef
FN:34,button
FN:46,buttonRow
FN:55,buttonRows
FNF:4
FNH:4
FNDA:4,buttonFromDef
FNDA:20,button
FNDA:1,buttonRow
FNDA:1,buttonRows
DA:1,1
DA:2,1
DA:3,1
DA:4,1
DA:5,1
DA:6,1
DA:7,1
DA:8,1
DA:9,1
DA:10,1
DA:11,1
DA:12,1
DA:13,1
DA:14,1
DA:15,1
DA:16,1
DA:17,1
DA:18,4
DA:19,4
DA:20,3
DA:21,4
DA:22,2
DA:23,1
DA:24,4
DA:25,4
DA:26,4
DA:27,3
DA:28,4
DA:29,1
DA:30,1
DA:31,1
DA:32,1
DA:33,1
DA:34,20
DA:35,20
DA:36,20
DA:37,19
DA:38,20
DA:39,20
DA:40,20
DA:41,20
DA:42,20
DA:43,20
DA:44,1
DA:45,1
DA:46,1
DA:47,1
DA:48,0
DA:49,1
DA:50,1
DA:51,1
DA:52,1
DA:53,1
DA:54,1
DA:55,1
DA:56,1
DA:57,1
DA:58,3
DA:59,3
DA:60,1
DA:61,1
DA:62,1
DA:63,1
DA:64,1
DA:65,1
DA:66,1
DA:67,1
DA:68,1
DA:69,1
LF:69
LH:68
BRDA:1,0,0,1
BRDA:18,1,0,4
BRDA:19,2,0,1
BRDA:20,3,0,3
BRDA:21,4,0,1
BRDA:22,5,0,2
BRDA:22,6,0,1
BRDA:24,7,0,3
BRDA:24,8,0,1
BRDA:25,9,0,3
BRDA:25,10,0,0
BRDA:26,11,0,3
BRDA:26,12,0,0
BRDA:27,13,0,3
BRDA:34,14,0,20
BRDA:36,15,0,1
BRDA:37,16,0,19
BRDA:39,17,0,0
BRDA:40,18,0,0
BRDA:41,19,0,1
BRDA:46,20,0,1
BRDA:48,21,0,0
BRDA:55,22,0,1
BRDA:57,23,0,3
BRF:24
BRH:19
end_of_record
TN:
SF:src\sticky\stickyEngine.js
FN:26,registerRenderer
FN:32,listRenderers
FN:36,renderPayload
FN:42,postFresh
FN:71,refreshUpdate
FN:90,refresh
FN:100,setSticky
FN:126,removeSticky
FN:148,onMessageCreate
FN:170,runTimeBasedRefresh
FN:196,notifyChange
FNF:11
FNH:8
FNDA:2,registerRenderer
FNDA:1,listRenderers
FNDA:4,renderPayload
FNDA:2,postFresh
FNDA:0,refreshUpdate
FNDA:0,refresh
FNDA:2,setSticky
FNDA:1,removeSticky
FNDA:5,onMessageCreate
FNDA:2,runTimeBasedRefresh
FNDA:0,notifyChange
DA:1,1
DA:2,1
DA:3,1
DA:4,1
DA:5,1
DA:6,1
DA:7,1
DA:8,1
DA:9,1
DA:10,1
DA:11,1
DA:12,1
DA:13,1
DA:14,1
DA:15,1
DA:16,1
DA:17,1
DA:18,1
DA:19,1
DA:20,1
DA:21,1
DA:22,1
DA:23,1
DA:24,1
DA:25,1
DA:26,2
DA:27,2
DA:28,2
DA:29,2
DA:30,2
DA:31,1
DA:32,1
DA:33,1
DA:34,1
DA:35,1
DA:36,4
DA:37,4
DA:38,4
DA:39,4
DA:40,4
DA:41,1
DA:42,2
DA:43,2
DA:44,2
DA:45,0
DA:46,0
DA:47,0
DA:48,2
DA:49,2
DA:50,2
DA:51,2
DA:52,2
DA:53,2
DA:54,2
DA:55,2
DA:56,2
DA:57,0
DA:58,0
DA:59,2
DA:60,2
DA:61,2
DA:62,2
DA:63,2
DA:64,2
DA:65,2
DA:66,2
DA:67,2
DA:68,2
DA:69,2
DA:70,1
DA:71,0
DA:72,0
DA:73,0
DA:74,0
DA:75,0
DA:76,0
DA:77,0
DA:78,0
DA:79,0
DA:80,0
DA:81,0
DA:82,0
DA:83,0
DA:84,0
DA:85,0
DA:86,0
DA:87,0
DA:88,0
DA:89,1
DA:90,0
DA:91,0
DA:92,0
DA:93,0
DA:94,0
DA:95,1
DA:96,1
DA:97,1
DA:98,1
DA:99,1
DA:100,2
DA:101,2
DA:102,2
DA:103,1
DA:104,1
DA:105,1
DA:106,1
DA:107,1
DA:108,2
DA:109,2
DA:110,2
DA:111,2
DA:112,2
DA:113,1
DA:114,1
DA:115,1
DA:116,1
DA:117,1
DA:118,1
DA:119,1
DA:120,1
DA:121,2
DA:122,2
DA:123,2
DA:124,2
DA:125,1
DA:126,1
DA:127,1
DA:128,1
DA:129,1
DA:130,1
DA:131,1
DA:132,1
DA:133,1
DA:134,1
DA:135,1
DA:136,1
DA:137,1
DA:138,1
DA:139,1
DA:140,1
DA:141,1
DA:142,1
DA:143,1
DA:144,1
DA:145,1
DA:146,1
DA:147,1
DA:148,5
DA:149,5
DA:150,5
DA:151,4
DA:152,4
DA:153,4
DA:154,4
DA:155,4
DA:156,4
DA:157,1
DA:158,1
DA:159,1
DA:160,0
DA:161,0
DA:162,1
DA:163,4
DA:164,5
DA:165,1
DA:166,1
DA:167,1
DA:168,1
DA:169,1
DA:170,2
DA:171,2
DA:172,2
DA:173,2
DA:174,2
DA:175,2
DA:176,2
DA:177,2
DA:178,1
DA:179,1
DA:180,1
DA:181,1
DA:182,0
DA:183,0
DA:184,1
DA:185,2
DA:186,2
DA:187,2
DA:188,1
DA:189,1
DA:190,1
DA:191,1
DA:192,1
DA:193,1
DA:194,1
DA:195,1
DA:196,0
DA:197,0
DA:198,0
DA:199,0
DA:200,0
DA:201,0
DA:202,0
DA:203,0
DA:204,0
DA:205,0
DA:206,0
DA:207,0
DA:208,0
DA:209,0
DA:210,0
DA:211,0
DA:212,1
DA:213,1
DA:214,1
DA:215,1
DA:216,1
DA:217,1
DA:218,1
DA:219,1
DA:220,1
DA:221,1
DA:222,1
DA:223,1
DA:224,1
DA:225,1
LF:225
LH:177
BRDA:1,0,0,1
BRDA:26,1,0,2
BRDA:27,2,0,0
BRDA:32,3,0,1
BRDA:36,4,0,4
BRDA:38,5,0,1
BRDA:38,6,0,0
BRDA:39,7,0,3
BRDA:39,8,0,0
BRDA:42,9,0,2
BRDA:44,10,0,0
BRDA:56,11,0,0
BRDA:100,12,0,2
BRDA:102,13,0,1
BRDA:108,14,0,0
BRDA:109,15,0,1
BRDA:110,16,0,1
BRDA:113,17,0,1
BRDA:121,18,0,1
BRDA:126,19,0,1
BRDA:128,20,0,0
BRDA:148,21,0,5
BRDA:149,22,0,0
BRDA:150,23,0,1
BRDA:150,24,0,4
BRDA:153,25,0,0
BRDA:154,26,0,0
BRDA:156,27,0,1
BRDA:159,28,0,0
BRDA:170,29,0,2
BRDA:174,30,0,0
BRDA:175,31,0,0
BRDA:177,32,0,1
BRDA:181,33,0,0
BRF:34
BRH:20
end_of_record
